{"meta": {"format": 3, "version": "7.13.4", "timestamp": "2026-03-13T22:30:31.306603", "branch_coverage": true, "show_contexts": false}, "files": {"ai_engine\\__init__.py": {"executed_lines": [], "summary": {"covered_lines": 0, "num_statements": 0, "percent_covered": 100.0, "percent_covered_display": "100.0", "missing_lines": 0, "excluded_lines": 0, "percent_statements_covered": 100.0, "percent_statements_covered_display": "100.0", "num_branches": 0, "num_partial_branches": 0, "covered_branches": 0, "missing_branches": 0, "percent_branches_covered": 100.0, "percent_branches_covered_display": "100.0"}, "missing_lines": [], "excluded_lines": [], "executed_branches": [], "missing_branches": [], "functions": {"": {"executed_lines": [], "summary": {"covered_lines": 0, "num_statements": 0, "percent_covered": 100.0, "percent_covered_display": "100.0", "missing_lines": 0, "excluded_lines": 0, "percent_statements_covered": 100.0, "percent_statements_covered_display": "100.0", "num_branches": 0, "num_partial_branches": 0, "covered_branches": 0, "missing_branches": 0, "percent_branches_covered": 100.0, "percent_branches_covered_display": "100.0"}, "missing_lines": [], "excluded_lines": [], "start_line": 1, "executed_branches": [], "missing_branches": []}}, "classes": {"": {"executed_lines": [], "summary": {"covered_lines": 0, "num_statements": 0, "percent_covered": 100.0, "percent_covered_display": "100.0", "missing_lines": 0, "excluded_lines": 0, "percent_statements_covered": 100.0, "percent_statements_covered_display": "100.0", "num_branches": 0, "num_partial_branches": 0, "covered_branches": 0, "missing_branches": 0, "percent_branches_covered": 100.0, "percent_branches_covered_display": "100.0"}, "missing_lines": [], "excluded_lines": [], "start_line": 1, "executed_branches": [], "missing_branches": []}}}, "ai_engine\\cloud_adapter\\__init__.py": {"executed_lines": [], "summary": {"covered_lines": 0, "num_statements": 0, "percent_covered": 100.0, "percent_covered_display": "100.0", "missing_lines": 0, "excluded_lines": 0, "percent_statements_covered": 100.0, "percent_statements_covered_display": "100.0", "num_branches": 0, "num_partial_branches": 0, "covered_branches": 0, "missing_branches": 0, "percent_branches_covered": 100.0, "percent_branches_covered_display": "100.0"}, "missing_lines": [], "excluded_lines": [], "executed_branches": [], "missing_branches": [], "functions": {"": {"executed_lines": [], "summary": {"covered_lines": 0, "num_statements": 0, "percent_covered": 100.0, "percent_covered_display": "100.0", "missing_lines": 0, "excluded_lines": 0, "percent_statements_covered": 100.0, "percent_statements_covered_display": "100.0", "num_branches": 0, "num_partial_branches": 0, "covered_branches": 0, "missing_branches": 0, "percent_branches_covered": 100.0, "percent_branches_covered_display": "100.0"}, "missing_lines": [], "excluded_lines": [], "start_line": 1, "executed_branches": [], "missing_branches": []}}, "classes": {"": {"executed_lines": [], "summary": {"covered_lines": 0, "num_statements": 0, "percent_covered": 100.0, "percent_covered_display": "100.0", "missing_lines": 0, "excluded_lines": 0, "percent_statements_covered": 100.0, "percent_statements_covered_display": "100.0", "num_branches": 0, "num_partial_branches": 0, "covered_branches": 0, "missing_branches": 0, "percent_branches_covered": 100.0, "percent_branches_covered_display": "100.0"}, "missing_lines": [], "excluded_lines": [], "start_line": 1, "executed_branches": [], "missing_branches": []}}}, "ai_engine\\cloud_adapter\\aws_adapter.py": {"executed_lines": [], "summary": {"covered_lines": 0, "num_statements": 54, "percent_covered": 0.0, "percent_covered_display": "0.0", "missing_lines": 54, "excluded_lines": 0, "percent_statements_covered": 0.0, "percent_statements_covered_display": "0.0", "num_branches": 4, "num_partial_branches": 0, "covered_branches": 0, "missing_branches": 4, "percent_branches_covered": 0.0, "percent_branches_covered_display": "0.0"}, "missing_lines": [1, 2, 3, 5, 6, 8, 11, 14, 15, 16, 20, 21, 22, 23, 24, 28, 29, 30, 31, 36, 37, 38, 39, 40, 44, 53, 54, 55, 75, 76, 77, 78, 79, 80, 82, 83, 84, 85, 86, 87, 88, 92, 98, 99, 100, 101, 103, 104, 105, 114, 115, 116, 117, 119], "excluded_lines": [], "executed_branches": [], "missing_branches": [[22, 23], [22, 24], [103, 104], [103, 119]], "functions": {"AWSAdapter.__init__": {"executed_lines": [], "summary": {"covered_lines": 0, "num_statements": 2, "percent_covered": 0.0, "percent_covered_display": "0.0", "missing_lines": 2, "excluded_lines": 0, "percent_statements_covered": 0.0, "percent_statements_covered_display": "0.0", "num_branches": 0, "num_partial_branches": 0, "covered_branches": 0, "missing_branches": 0, "percent_branches_covered": 100.0, "percent_branches_covered_display": "100.0"}, "missing_lines": [15, 16], "excluded_lines": [], "start_line": 14, "executed_branches": [], "missing_branches": []}, "AWSAdapter._client": {"executed_lines": [], "summary": {"covered_lines": 0, "num_statements": 4, "percent_covered": 0.0, "percent_covered_display": "0.0", "missing_lines": 4, "excluded_lines": 0, "percent_statements_covered": 0.0, "percent_statements_covered_display": "0.0", "num_branches": 2, "num_partial_branches": 0, "covered_branches": 0, "missing_branches": 2, "percent_branches_covered": 0.0, "percent_branches_covered_display": "0.0"}, "missing_lines": [21, 22, 23, 24], "excluded_lines": [], "start_line": 20, "executed_branches": [], "missing_branches": [[22, 23], [22, 24]]}, "AWSAdapter.get_spot_price": {"executed_lines": [], "summary": {"covered_lines": 0, "num_statements": 8, "percent_covered": 0.0, "percent_covered_display": "0.0", "missing_lines": 8, "excluded_lines": 0, "percent_statements_covered": 0.0, "percent_statements_covered_display": "0.0", "num_branches": 0, "num_partial_branches": 0, "covered_branches": 0, "missing_branches": 0, "percent_branches_covered": 100.0, "percent_branches_covered_display": "100.0"}, "missing_lines": [29, 30, 31, 36, 37, 38, 39, 40], "excluded_lines": [], "start_line": 28, "executed_branches": [], "missing_branches": []}, "AWSAdapter.launch_spot": {"executed_lines": [], "summary": {"covered_lines": 0, "num_statements": 9, "percent_covered": 0.0, "percent_covered_display": "0.0", "missing_lines": 9, "excluded_lines": 0, "percent_statements_covered": 0.0, "percent_statements_covered_display": "0.0", "num_branches": 0, "num_partial_branches": 0, "covered_branches": 0, "missing_branches": 0, "percent_branches_covered": 100.0, "percent_branches_covered_display": "100.0"}, "missing_lines": [53, 54, 55, 75, 76, 77, 78, 79, 80], "excluded_lines": [], "start_line": 44, "executed_branches": [], "missing_branches": []}, "AWSAdapter.terminate": {"executed_lines": [], "summary": {"covered_lines": 0, "num_statements": 6, "percent_covered": 0.0, "percent_covered_display": "0.0", "missing_lines": 6, "excluded_lines": 0, "percent_statements_covered": 0.0, "percent_statements_covered_display": "0.0", "num_branches": 0, "num_partial_branches": 0, "covered_branches": 0, "missing_branches": 0, "percent_branches_covered": 100.0, "percent_branches_covered_display": "100.0"}, "missing_lines": [83, 84, 85, 86, 87, 88], "excluded_lines": [], "start_line": 82, "executed_branches": [], "missing_branches": []}, "AWSAdapter.get_instance_metrics": {"executed_lines": [], "summary": {"covered_lines": 0, "num_statements": 12, "percent_covered": 0.0, "percent_covered_display": "0.0", "missing_lines": 12, "excluded_lines": 0, "percent_statements_covered": 0.0, "percent_statements_covered_display": "0.0", "num_branches": 2, "num_partial_branches": 0, "covered_branches": 0, "missing_branches": 2, "percent_branches_covered": 0.0, "percent_branches_covered_display": "0.0"}, "missing_lines": [98, 99, 100, 101, 103, 104, 105, 114, 115, 116, 117, 119], "excluded_lines": [], "start_line": 92, "executed_branches": [], "missing_branches": [[103, 104], [103, 119]]}, "": {"executed_lines": [], "summary": {"covered_lines": 0, "num_statements": 13, "percent_covered": 0.0, "percent_covered_display": "0.0", "missing_lines": 13, "excluded_lines": 0, "percent_statements_covered": 0.0, "percent_statements_covered_display": "0.0", "num_branches": 0, "num_partial_branches": 0, "covered_branches": 0, "missing_branches": 0, "percent_branches_covered": 100.0, "percent_branches_covered_display": "100.0"}, "missing_lines": [1, 2, 3, 5, 6, 8, 11, 14, 20, 28, 44, 82, 92], "excluded_lines": [], "start_line": 1, "executed_branches": [], "missing_branches": []}}, "classes": {"AWSAdapter": {"executed_lines": [], "summary": {"covered_lines": 0, "num_statements": 41, "percent_covered": 0.0, "percent_covered_display": "0.0", "missing_lines": 41, "excluded_lines": 0, "percent_statements_covered": 0.0, "percent_statements_covered_display": "0.0", "num_branches": 4, "num_partial_branches": 0, "covered_branches": 0, "missing_branches": 4, "percent_branches_covered": 0.0, "percent_branches_covered_display": "0.0"}, "missing_lines": [15, 16, 21, 22, 23, 24, 29, 30, 31, 36, 37, 38, 39, 40, 53, 54, 55, 75, 76, 77, 78, 79, 80, 83, 84, 85, 86, 87, 88, 98, 99, 100, 101, 103, 104, 105, 114, 115, 116, 117, 119], "excluded_lines": [], "start_line": 11, "executed_branches": [], "missing_branches": [[22, 23], [22, 24], [103, 104], [103, 119]]}, "": {"executed_lines": [], "summary": {"covered_lines": 0, "num_statements": 13, "percent_covered": 0.0, "percent_covered_display": "0.0", "missing_lines": 13, "excluded_lines": 0, "percent_statements_covered": 0.0, "percent_statements_covered_display": "0.0", "num_branches": 0, "num_partial_branches": 0, "covered_branches": 0, "missing_branches": 0, "percent_branches_covered": 100.0, "percent_branches_covered_display": "100.0"}, "missing_lines": [1, 2, 3, 5, 6, 8, 11, 14, 20, 28, 44, 82, 92], "excluded_lines": [], "start_line": 1, "executed_branches": [], "missing_branches": []}}}, "ai_engine\\cloud_adapter\\pricing_cache.py": {"executed_lines": [19, 20, 21, 22, 23, 25, 26, 28, 35, 66, 78, 84, 86, 87, 88, 89, 90, 96, 101, 102, 104, 105, 107, 109, 119, 120, 123, 124, 125, 143, 147, 148, 149, 150, 151, 152, 153, 154, 155, 156, 177, 179, 180, 184, 220], "summary": {"covered_lines": 45, "num_statements": 100, "percent_covered": 39.0625, "percent_covered_display": "39.1", "missing_lines": 55, "excluded_lines": 0, "percent_statements_covered": 45.0, "percent_statements_covered_display": "45.0", "num_branches": 28, "num_partial_branches": 3, "covered_branches": 5, "missing_branches": 23, "percent_branches_covered": 17.857142857142858, "percent_branches_covered_display": "17.9"}, "missing_lines": [128, 129, 130, 133, 134, 137, 157, 158, 161, 162, 163, 164, 165, 166, 167, 168, 169, 170, 173, 174, 175, 181, 182, 186, 187, 189, 190, 201, 202, 203, 204, 205, 206, 207, 208, 209, 210, 211, 212, 213, 214, 215, 216, 218, 222, 223, 224, 225, 226, 227, 228, 229, 230, 231, 232], "excluded_lines": [], "executed_branches": [[104, 105], [104, 107], [124, 125], [147, 148], [151, 152]], "missing_branches": [[124, 128], [129, 130], [129, 133], [133, 134], [133, 137], [147, 161], [151, 161], [163, 164], [163, 173], [201, 202], [201, 218], [202, 201], [202, 203], [208, 209], [208, 210], [210, 202], [210, 211], [211, 210], [211, 212], [213, 211], [213, 214], [231, -220], [231, 232]], "functions": {"PricingCache.__init__": {"executed_lines": [87, 88, 89, 90], "summary": {"covered_lines": 4, "num_statements": 4, "percent_covered": 100.0, "percent_covered_display": "100.0", "missing_lines": 0, "excluded_lines": 0, "percent_statements_covered": 100.0, "percent_statements_covered_display": "100.0", "num_branches": 0, "num_partial_branches": 0, "covered_branches": 0, "missing_branches": 0, "percent_branches_covered": 100.0, "percent_branches_covered_display": "100.0"}, "missing_lines": [], "excluded_lines": [], "start_line": 86, "executed_branches": [], "missing_branches": []}, "PricingCache.get_current_pricing": {"executed_lines": [101, 102, 104, 105, 107], "summary": {"covered_lines": 5, "num_statements": 5, "percent_covered": 100.0, "percent_covered_display": "100.0", "missing_lines": 0, "excluded_lines": 0, "percent_statements_covered": 100.0, "percent_statements_covered_display": "100.0", "num_branches": 2, "num_partial_branches": 0, "covered_branches": 2, "missing_branches": 0, "percent_branches_covered": 100.0, "percent_branches_covered_display": "100.0"}, "missing_lines": [], "excluded_lines": [], "start_line": 96, "executed_branches": [[104, 105], [104, 107]], "missing_branches": []}, "PricingCache.get_price": {"executed_lines": [119, 120, 123, 124, 125], "summary": {"covered_lines": 5, "num_statements": 11, "percent_covered": 35.294117647058826, "percent_covered_display": "35.3", "missing_lines": 6, "excluded_lines": 0, "percent_statements_covered": 45.45454545454545, "percent_statements_covered_display": "45.5", "num_branches": 6, "num_partial_branches": 1, "covered_branches": 1, "missing_branches": 5, "percent_branches_covered": 16.666666666666668, "percent_branches_covered_display": "16.7"}, "missing_lines": [128, 129, 130, 133, 134, 137], "excluded_lines": [], "start_line": 109, "executed_branches": [[124, 125]], "missing_branches": [[124, 128], [129, 130], [129, 133], [133, 134], [133, 137]]}, "PricingCache._refresh": {"executed_lines": [147, 148, 149, 150, 151, 152, 153, 154, 155, 156], "summary": {"covered_lines": 10, "num_statements": 25, "percent_covered": 38.70967741935484, "percent_covered_display": "38.7", "missing_lines": 15, "excluded_lines": 0, "percent_statements_covered": 40.0, "percent_statements_covered_display": "40.0", "num_branches": 6, "num_partial_branches": 2, "covered_branches": 2, "missing_branches": 4, "percent_branches_covered": 33.333333333333336, "percent_branches_covered_display": "33.3"}, "missing_lines": [157, 158, 161, 162, 163, 164, 165, 166, 167, 168, 169, 170, 173, 174, 175], "excluded_lines": [], "start_line": 143, "executed_branches": [[147, 148], [151, 152]], "missing_branches": [[147, 161], [151, 161], [163, 164], [163, 173]]}, "PricingCache._has_newer_file": {"executed_lines": [179, 180], "summary": {"covered_lines": 2, "num_statements": 4, "percent_covered": 50.0, "percent_covered_display": "50.0", "missing_lines": 2, "excluded_lines": 0, "percent_statements_covered": 50.0, "percent_statements_covered_display": "50.0", "num_branches": 0, "num_partial_branches": 0, "covered_branches": 0, "missing_branches": 0, "percent_branches_covered": 100.0, "percent_branches_covered_display": "100.0"}, "missing_lines": [181, 182], "excluded_lines": [], "start_line": 177, "executed_branches": [], "missing_branches": []}, "PricingCache._fetch_from_aws": {"executed_lines": [], "summary": {"covered_lines": 0, "num_statements": 21, "percent_covered": 0.0, "percent_covered_display": "0.0", "missing_lines": 21, "excluded_lines": 0, "percent_statements_covered": 0.0, "percent_statements_covered_display": "0.0", "num_branches": 12, "num_partial_branches": 0, "covered_branches": 0, "missing_branches": 12, "percent_branches_covered": 0.0, "percent_branches_covered_display": "0.0"}, "missing_lines": [186, 187, 189, 190, 201, 202, 203, 204, 205, 206, 207, 208, 209, 210, 211, 212, 213, 214, 215, 216, 218], "excluded_lines": [], "start_line": 184, "executed_branches": [], "missing_branches": [[201, 202], [201, 218], [202, 201], [202, 203], [208, 209], [208, 210], [210, 202], [210, 211], [211, 210], [211, 212], [213, 211], [213, 214]]}, "PricingCache._persist_to_file": {"executed_lines": [], "summary": {"covered_lines": 0, "num_statements": 11, "percent_covered": 0.0, "percent_covered_display": "0.0", "missing_lines": 11, "excluded_lines": 0, "percent_statements_covered": 0.0, "percent_statements_covered_display": "0.0", "num_branches": 2, "num_partial_branches": 0, "covered_branches": 0, "missing_branches": 2, "percent_branches_covered": 0.0, "percent_branches_covered_display": "0.0"}, "missing_lines": [222, 223, 224, 225, 226, 227, 228, 229, 230, 231, 232], "excluded_lines": [], "start_line": 220, "executed_branches": [], "missing_branches": [[231, -220], [231, 232]]}, "": {"executed_lines": [19, 20, 21, 22, 23, 25, 26, 28, 35, 66, 78, 84, 86, 96, 109, 143, 177, 184, 220], "summary": {"covered_lines": 19, "num_statements": 19, "percent_covered": 100.0, "percent_covered_display": "100.0", "missing_lines": 0, "excluded_lines": 0, "percent_statements_covered": 100.0, "percent_statements_covered_display": "100.0", "num_branches": 0, "num_partial_branches": 0, "covered_branches": 0, "missing_branches": 0, "percent_branches_covered": 100.0, "percent_branches_covered_display": "100.0"}, "missing_lines": [], "excluded_lines": [], "start_line": 1, "executed_branches": [], "missing_branches": []}}, "classes": {"PricingCache": {"executed_lines": [87, 88, 89, 90, 101, 102, 104, 105, 107, 119, 120, 123, 124, 125, 147, 148, 149, 150, 151, 152, 153, 154, 155, 156, 179, 180], "summary": {"covered_lines": 26, "num_statements": 81, "percent_covered": 28.440366972477065, "percent_covered_display": "28.4", "missing_lines": 55, "excluded_lines": 0, "percent_statements_covered": 32.098765432098766, "percent_statements_covered_display": "32.1", "num_branches": 28, "num_partial_branches": 3, "covered_branches": 5, "missing_branches": 23, "percent_branches_covered": 17.857142857142858, "percent_branches_covered_display": "17.9"}, "missing_lines": [128, 129, 130, 133, 134, 137, 157, 158, 161, 162, 163, 164, 165, 166, 167, 168, 169, 170, 173, 174, 175, 181, 182, 186, 187, 189, 190, 201, 202, 203, 204, 205, 206, 207, 208, 209, 210, 211, 212, 213, 214, 215, 216, 218, 222, 223, 224, 225, 226, 227, 228, 229, 230, 231, 232], "excluded_lines": [], "start_line": 78, "executed_branches": [[104, 105], [104, 107], [124, 125], [147, 148], [151, 152]], "missing_branches": [[124, 128], [129, 130], [129, 133], [133, 134], [133, 137], [147, 161], [151, 161], [163, 164], [163, 173], [201, 202], [201, 218], [202, 201], [202, 203], [208, 209], [208, 210], [210, 202], [210, 211], [211, 210], [211, 212], [213, 211], [213, 214], [231, -220], [231, 232]]}, "": {"executed_lines": [19, 20, 21, 22, 23, 25, 26, 28, 35, 66, 78, 84, 86, 96, 109, 143, 177, 184, 220], "summary": {"covered_lines": 19, "num_statements": 19, "percent_covered": 100.0, "percent_covered_display": "100.0", "missing_lines": 0, "excluded_lines": 0, "percent_statements_covered": 100.0, "percent_statements_covered_display": "100.0", "num_branches": 0, "num_partial_branches": 0, "covered_branches": 0, "missing_branches": 0, "percent_branches_covered": 100.0, "percent_branches_covered_display": "100.0"}, "missing_lines": [], "excluded_lines": [], "start_line": 1, "executed_branches": [], "missing_branches": []}}}, "ai_engine\\data_pipeline\\__init__.py": {"executed_lines": [4, 9], "summary": {"covered_lines": 2, "num_statements": 4, "percent_covered": 50.0, "percent_covered_display": "50.0", "missing_lines": 2, "excluded_lines": 0, "percent_statements_covered": 50.0, "percent_statements_covered_display": "50.0", "num_branches": 0, "num_partial_branches": 0, "covered_branches": 0, "missing_branches": 0, "percent_branches_covered": 100.0, "percent_branches_covered_display": "100.0"}, "missing_lines": [5, 6], "excluded_lines": [], "executed_branches": [], "missing_branches": [], "functions": {"get_orchestrator": {"executed_lines": [], "summary": {"covered_lines": 0, "num_statements": 2, "percent_covered": 0.0, "percent_covered_display": "0.0", "missing_lines": 2, "excluded_lines": 0, "percent_statements_covered": 0.0, "percent_statements_covered_display": "0.0", "num_branches": 0, "num_partial_branches": 0, "covered_branches": 0, "missing_branches": 0, "percent_branches_covered": 100.0, "percent_branches_covered_display": "100.0"}, "missing_lines": [5, 6], "excluded_lines": [], "start_line": 4, "executed_branches": [], "missing_branches": []}, "": {"executed_lines": [4, 9], "summary": {"covered_lines": 2, "num_statements": 2, "percent_covered": 100.0, "percent_covered_display": "100.0", "missing_lines": 0, "excluded_lines": 0, "percent_statements_covered": 100.0, "percent_statements_covered_display": "100.0", "num_branches": 0, "num_partial_branches": 0, "covered_branches": 0, "missing_branches": 0, "percent_branches_covered": 100.0, "percent_branches_covered_display": "100.0"}, "missing_lines": [], "excluded_lines": [], "start_line": 1, "executed_branches": [], "missing_branches": []}}, "classes": {"": {"executed_lines": [4, 9], "summary": {"covered_lines": 2, "num_statements": 4, "percent_covered": 50.0, "percent_covered_display": "50.0", "missing_lines": 2, "excluded_lines": 0, "percent_statements_covered": 50.0, "percent_statements_covered_display": "50.0", "num_branches": 0, "num_partial_branches": 0, "covered_branches": 0, "missing_branches": 0, "percent_branches_covered": 100.0, "percent_branches_covered_display": "100.0"}, "missing_lines": [5, 6], "excluded_lines": [], "start_line": 1, "executed_branches": [], "missing_branches": []}}}, "ai_engine\\data_pipeline\\aws_cur_ingestor.py": {"executed_lines": [18, 19, 20, 21, 23, 24, 25, 32, 34, 36, 54, 62, 64, 65, 69, 125, 128, 133, 150, 168, 187], "summary": {"covered_lines": 21, "num_statements": 96, "percent_covered": 17.796610169491526, "percent_covered_display": "17.8", "missing_lines": 75, "excluded_lines": 1, "percent_statements_covered": 21.875, "percent_statements_covered_display": "21.9", "num_branches": 22, "num_partial_branches": 0, "covered_branches": 0, "missing_branches": 22, "percent_branches_covered": 0.0, "percent_branches_covered_display": "0.0"}, "missing_lines": [26, 27, 71, 73, 74, 75, 76, 78, 79, 81, 82, 84, 92, 93, 97, 98, 99, 100, 105, 106, 111, 112, 113, 114, 115, 117, 126, 129, 130, 131, 134, 135, 145, 146, 147, 148, 151, 152, 159, 160, 161, 162, 163, 164, 165, 166, 169, 170, 171, 172, 173, 174, 175, 176, 177, 178, 179, 180, 181, 182, 183, 184, 185, 192, 193, 194, 195, 196, 197, 198, 199, 200, 201, 205, 213], "excluded_lines": [70], "executed_branches": [], "missing_branches": [[99, 100], [99, 105], [105, 106], [105, 111], [146, 147], [146, 148], [160, 161], [160, 166], [161, 160], [161, 162], [170, 171], [170, 185], [172, 173], [172, 174], [177, 178], [177, 179], [182, 183], [182, 184], [193, 194], [193, 213], [200, 201], [200, 205]], "functions": {"AWSCURIngestor.__init__": {"executed_lines": [65], "summary": {"covered_lines": 1, "num_statements": 1, "percent_covered": 100.0, "percent_covered_display": "100.0", "missing_lines": 0, "excluded_lines": 0, "percent_statements_covered": 100.0, "percent_statements_covered_display": "100.0", "num_branches": 0, "num_partial_branches": 0, "covered_branches": 0, "missing_branches": 0, "percent_branches_covered": 100.0, "percent_branches_covered_display": "100.0"}, "missing_lines": [], "excluded_lines": [], "start_line": 64, "executed_branches": [], "missing_branches": []}, "AWSCURIngestor.fetch": {"executed_lines": [], "summary": {"covered_lines": 0, "num_statements": 24, "percent_covered": 0.0, "percent_covered_display": "0.0", "missing_lines": 24, "excluded_lines": 1, "percent_statements_covered": 0.0, "percent_statements_covered_display": "0.0", "num_branches": 4, "num_partial_branches": 0, "covered_branches": 0, "missing_branches": 4, "percent_branches_covered": 0.0, "percent_branches_covered_display": "0.0"}, "missing_lines": [71, 73, 74, 75, 76, 78, 79, 81, 82, 84, 92, 93, 97, 98, 99, 100, 105, 106, 111, 112, 113, 114, 115, 117], "excluded_lines": [70], "start_line": 69, "executed_branches": [], "missing_branches": [[99, 100], [99, 105], [105, 106], [105, 111]]}, "AWSCURIngestor._client": {"executed_lines": [], "summary": {"covered_lines": 0, "num_statements": 1, "percent_covered": 0.0, "percent_covered_display": "0.0", "missing_lines": 1, "excluded_lines": 0, "percent_statements_covered": 0.0, "percent_statements_covered_display": "0.0", "num_branches": 0, "num_partial_branches": 0, "covered_branches": 0, "missing_branches": 0, "percent_branches_covered": 100.0, "percent_branches_covered_display": "100.0"}, "missing_lines": [126], "excluded_lines": [], "start_line": 125, "executed_branches": [], "missing_branches": []}, "AWSCURIngestor._date_range": {"executed_lines": [], "summary": {"covered_lines": 0, "num_statements": 3, "percent_covered": 0.0, "percent_covered_display": "0.0", "missing_lines": 3, "excluded_lines": 0, "percent_statements_covered": 0.0, "percent_statements_covered_display": "0.0", "num_branches": 0, "num_partial_branches": 0, "covered_branches": 0, "missing_branches": 0, "percent_branches_covered": 100.0, "percent_branches_covered_display": "100.0"}, "missing_lines": [129, 130, 131], "excluded_lines": [], "start_line": 128, "executed_branches": [], "missing_branches": []}, "AWSCURIngestor._fetch_by_region_instance": {"executed_lines": [], "summary": {"covered_lines": 0, "num_statements": 6, "percent_covered": 0.0, "percent_covered_display": "0.0", "missing_lines": 6, "excluded_lines": 0, "percent_statements_covered": 0.0, "percent_statements_covered_display": "0.0", "num_branches": 2, "num_partial_branches": 0, "covered_branches": 0, "missing_branches": 2, "percent_branches_covered": 0.0, "percent_branches_covered_display": "0.0"}, "missing_lines": [134, 135, 145, 146, 147, 148], "excluded_lines": [], "start_line": 133, "executed_branches": [], "missing_branches": [[146, 147], [146, 148]]}, "AWSCURIngestor._fetch_regional_totals": {"executed_lines": [], "summary": {"covered_lines": 0, "num_statements": 10, "percent_covered": 0.0, "percent_covered_display": "0.0", "missing_lines": 10, "excluded_lines": 0, "percent_statements_covered": 0.0, "percent_statements_covered_display": "0.0", "num_branches": 4, "num_partial_branches": 0, "covered_branches": 0, "missing_branches": 4, "percent_branches_covered": 0.0, "percent_branches_covered_display": "0.0"}, "missing_lines": [151, 152, 159, 160, 161, 162, 163, 164, 165, 166], "excluded_lines": [], "start_line": 150, "executed_branches": [], "missing_branches": [[160, 161], [160, 166], [161, 160], [161, 162]]}, "AWSCURIngestor._compute_blended_rates": {"executed_lines": [], "summary": {"covered_lines": 0, "num_statements": 17, "percent_covered": 0.0, "percent_covered_display": "0.0", "missing_lines": 17, "excluded_lines": 0, "percent_statements_covered": 0.0, "percent_statements_covered_display": "0.0", "num_branches": 8, "num_partial_branches": 0, "covered_branches": 0, "missing_branches": 8, "percent_branches_covered": 0.0, "percent_branches_covered_display": "0.0"}, "missing_lines": [169, 170, 171, 172, 173, 174, 175, 176, 177, 178, 179, 180, 181, 182, 183, 184, 185], "excluded_lines": [], "start_line": 168, "executed_branches": [], "missing_branches": [[170, 171], [170, 185], [172, 173], [172, 174], [177, 178], [177, 179], [182, 183], [182, 184]]}, "AWSCURIngestor._build_usage_summary": {"executed_lines": [], "summary": {"covered_lines": 0, "num_statements": 12, "percent_covered": 0.0, "percent_covered_display": "0.0", "missing_lines": 12, "excluded_lines": 0, "percent_statements_covered": 0.0, "percent_statements_covered_display": "0.0", "num_branches": 4, "num_partial_branches": 0, "covered_branches": 0, "missing_branches": 4, "percent_branches_covered": 0.0, "percent_branches_covered_display": "0.0"}, "missing_lines": [192, 193, 194, 195, 196, 197, 198, 199, 200, 201, 205, 213], "excluded_lines": [], "start_line": 187, "executed_branches": [], "missing_branches": [[193, 194], [193, 213], [200, 201], [200, 205]]}, "": {"executed_lines": [18, 19, 20, 21, 23, 24, 25, 32, 34, 36, 54, 62, 64, 69, 125, 128, 133, 150, 168, 187], "summary": {"covered_lines": 20, "num_statements": 22, "percent_covered": 90.9090909090909, "percent_covered_display": "90.9", "missing_lines": 2, "excluded_lines": 0, "percent_statements_covered": 90.9090909090909, "percent_statements_covered_display": "90.9", "num_branches": 0, "num_partial_branches": 0, "covered_branches": 0, "missing_branches": 0, "percent_branches_covered": 100.0, "percent_branches_covered_display": "100.0"}, "missing_lines": [26, 27], "excluded_lines": [], "start_line": 1, "executed_branches": [], "missing_branches": []}}, "classes": {"AWSCURIngestor": {"executed_lines": [65], "summary": {"covered_lines": 1, "num_statements": 74, "percent_covered": 1.0416666666666667, "percent_covered_display": "1.0", "missing_lines": 73, "excluded_lines": 1, "percent_statements_covered": 1.3513513513513513, "percent_statements_covered_display": "1.4", "num_branches": 22, "num_partial_branches": 0, "covered_branches": 0, "missing_branches": 22, "percent_branches_covered": 0.0, "percent_branches_covered_display": "0.0"}, "missing_lines": [71, 73, 74, 75, 76, 78, 79, 81, 82, 84, 92, 93, 97, 98, 99, 100, 105, 106, 111, 112, 113, 114, 115, 117, 126, 129, 130, 131, 134, 135, 145, 146, 147, 148, 151, 152, 159, 160, 161, 162, 163, 164, 165, 166, 169, 170, 171, 172, 173, 174, 175, 176, 177, 178, 179, 180, 181, 182, 183, 184, 185, 192, 193, 194, 195, 196, 197, 198, 199, 200, 201, 205, 213], "excluded_lines": [70], "start_line": 62, "executed_branches": [], "missing_branches": [[99, 100], [99, 105], [105, 106], [105, 111], [146, 147], [146, 148], [160, 161], [160, 166], [161, 160], [161, 162], [170, 171], [170, 185], [172, 173], [172, 174], [177, 178], [177, 179], [182, 183], [182, 184], [193, 194], [193, 213], [200, 201], [200, 205]]}, "": {"executed_lines": [18, 19, 20, 21, 23, 24, 25, 32, 34, 36, 54, 62, 64, 69, 125, 128, 133, 150, 168, 187], "summary": {"covered_lines": 20, "num_statements": 22, "percent_covered": 90.9090909090909, "percent_covered_display": "90.9", "missing_lines": 2, "excluded_lines": 0, "percent_statements_covered": 90.9090909090909, "percent_statements_covered_display": "90.9", "num_branches": 0, "num_partial_branches": 0, "covered_branches": 0, "missing_branches": 0, "percent_branches_covered": 100.0, "percent_branches_covered_display": "100.0"}, "missing_lines": [26, 27], "excluded_lines": [], "start_line": 1, "executed_branches": [], "missing_branches": []}}}, "ai_engine\\data_pipeline\\aws_pricing_fetcher.py": {"executed_lines": [21, 22, 23, 24, 25, 30, 31, 32, 39, 45, 54, 73, 82, 96, 103, 105, 106, 108, 138, 170, 171, 192, 211, 234], "summary": {"covered_lines": 24, "num_statements": 112, "percent_covered": 16.901408450704224, "percent_covered_display": "16.9", "missing_lines": 88, "excluded_lines": 2, "percent_statements_covered": 21.428571428571427, "percent_statements_covered_display": "21.4", "num_branches": 30, "num_partial_branches": 0, "covered_branches": 0, "missing_branches": 30, "percent_branches_covered": 0.0, "percent_branches_covered_display": "0.0"}, "missing_lines": [33, 34, 110, 112, 114, 115, 120, 122, 124, 125, 126, 130, 131, 132, 139, 140, 141, 142, 143, 153, 154, 155, 157, 158, 162, 163, 164, 165, 166, 168, 172, 173, 174, 175, 176, 177, 178, 179, 180, 181, 182, 183, 184, 185, 195, 197, 198, 200, 201, 202, 203, 204, 205, 206, 207, 209, 212, 213, 214, 215, 220, 221, 222, 223, 224, 225, 226, 227, 228, 240, 241, 242, 244, 245, 246, 248, 250, 258, 259, 260, 262, 264, 265, 267, 268, 272, 273, 274], "excluded_lines": [109, 186], "executed_branches": [], "missing_branches": [[114, 115], [114, 122], [125, 126], [125, 130], [153, 154], [153, 168], [154, 153], [154, 155], [177, 178], [177, 179], [179, -170], [179, 180], [180, 179], [180, 181], [182, 180], [182, 183], [202, 203], [202, 209], [221, 222], [221, 228], [223, 221], [223, 224], [244, 245], [244, 267], [245, 246], [245, 248], [259, 260], [259, 262], [267, 268], [267, 272]], "functions": {"AWSPricingFetcher.__init__": {"executed_lines": [106], "summary": {"covered_lines": 1, "num_statements": 1, "percent_covered": 100.0, "percent_covered_display": "100.0", "missing_lines": 0, "excluded_lines": 0, "percent_statements_covered": 100.0, "percent_statements_covered_display": "100.0", "num_branches": 0, "num_partial_branches": 0, "covered_branches": 0, "missing_branches": 0, "percent_branches_covered": 100.0, "percent_branches_covered_display": "100.0"}, "missing_lines": [], "excluded_lines": [], "start_line": 105, "executed_branches": [], "missing_branches": []}, "AWSPricingFetcher.fetch": {"executed_lines": [], "summary": {"covered_lines": 0, "num_statements": 12, "percent_covered": 0.0, "percent_covered_display": "0.0", "missing_lines": 12, "excluded_lines": 1, "percent_statements_covered": 0.0, "percent_statements_covered_display": "0.0", "num_branches": 4, "num_partial_branches": 0, "covered_branches": 0, "missing_branches": 4, "percent_branches_covered": 0.0, "percent_branches_covered_display": "0.0"}, "missing_lines": [110, 112, 114, 115, 120, 122, 124, 125, 126, 130, 131, 132], "excluded_lines": [109], "start_line": 108, "executed_branches": [], "missing_branches": [[114, 115], [114, 122], [125, 126], [125, 130]]}, "AWSPricingFetcher._fetch_on_demand": {"executed_lines": [], "summary": {"covered_lines": 0, "num_statements": 16, "percent_covered": 0.0, "percent_covered_display": "0.0", "missing_lines": 16, "excluded_lines": 0, "percent_statements_covered": 0.0, "percent_statements_covered_display": "0.0", "num_branches": 4, "num_partial_branches": 0, "covered_branches": 0, "missing_branches": 4, "percent_branches_covered": 0.0, "percent_branches_covered_display": "0.0"}, "missing_lines": [139, 140, 141, 142, 143, 153, 154, 155, 157, 158, 162, 163, 164, 165, 166, 168], "excluded_lines": [], "start_line": 138, "executed_branches": [], "missing_branches": [[153, 154], [153, 168], [154, 153], [154, 155]]}, "AWSPricingFetcher._parse_item": {"executed_lines": [], "summary": {"covered_lines": 0, "num_statements": 14, "percent_covered": 0.0, "percent_covered_display": "0.0", "missing_lines": 14, "excluded_lines": 1, "percent_statements_covered": 0.0, "percent_statements_covered_display": "0.0", "num_branches": 8, "num_partial_branches": 0, "covered_branches": 0, "missing_branches": 8, "percent_branches_covered": 0.0, "percent_branches_covered_display": "0.0"}, "missing_lines": [172, 173, 174, 175, 176, 177, 178, 179, 180, 181, 182, 183, 184, 185], "excluded_lines": [186], "start_line": 171, "executed_branches": [], "missing_branches": [[177, 178], [177, 179], [179, -170], [179, 180], [180, 179], [180, 181], [182, 180], [182, 183]]}, "AWSPricingFetcher._fetch_spot_parallel": {"executed_lines": [], "summary": {"covered_lines": 0, "num_statements": 11, "percent_covered": 0.0, "percent_covered_display": "0.0", "missing_lines": 11, "excluded_lines": 0, "percent_statements_covered": 0.0, "percent_statements_covered_display": "0.0", "num_branches": 2, "num_partial_branches": 0, "covered_branches": 0, "missing_branches": 2, "percent_branches_covered": 0.0, "percent_branches_covered_display": "0.0"}, "missing_lines": [195, 197, 200, 201, 202, 203, 204, 205, 206, 207, 209], "excluded_lines": [], "start_line": 192, "executed_branches": [], "missing_branches": [[202, 203], [202, 209]]}, "AWSPricingFetcher._fetch_spot_parallel._one": {"executed_lines": [], "summary": {"covered_lines": 0, "num_statements": 1, "percent_covered": 0.0, "percent_covered_display": "0.0", "missing_lines": 1, "excluded_lines": 0, "percent_statements_covered": 0.0, "percent_statements_covered_display": "0.0", "num_branches": 0, "num_partial_branches": 0, "covered_branches": 0, "missing_branches": 0, "percent_branches_covered": 100.0, "percent_branches_covered_display": "100.0"}, "missing_lines": [198], "excluded_lines": [], "start_line": 197, "executed_branches": [], "missing_branches": []}, "AWSPricingFetcher._fetch_spot_region": {"executed_lines": [], "summary": {"covered_lines": 0, "num_statements": 13, "percent_covered": 0.0, "percent_covered_display": "0.0", "missing_lines": 13, "excluded_lines": 0, "percent_statements_covered": 0.0, "percent_statements_covered_display": "0.0", "num_branches": 4, "num_partial_branches": 0, "covered_branches": 0, "missing_branches": 4, "percent_branches_covered": 0.0, "percent_branches_covered_display": "0.0"}, "missing_lines": [212, 213, 214, 215, 220, 221, 222, 223, 224, 225, 226, 227, 228], "excluded_lines": [], "start_line": 211, "executed_branches": [], "missing_branches": [[221, 222], [221, 228], [223, 221], [223, 224]]}, "AWSPricingFetcher._build_region_entry": {"executed_lines": [], "summary": {"covered_lines": 0, "num_statements": 19, "percent_covered": 0.0, "percent_covered_display": "0.0", "missing_lines": 19, "excluded_lines": 0, "percent_statements_covered": 0.0, "percent_statements_covered_display": "0.0", "num_branches": 8, "num_partial_branches": 0, "covered_branches": 0, "missing_branches": 8, "percent_branches_covered": 0.0, "percent_branches_covered_display": "0.0"}, "missing_lines": [240, 241, 242, 244, 245, 246, 248, 250, 258, 259, 260, 262, 264, 265, 267, 268, 272, 273, 274], "excluded_lines": [], "start_line": 234, "executed_branches": [], "missing_branches": [[244, 245], [244, 267], [245, 246], [245, 248], [259, 260], [259, 262], [267, 268], [267, 272]]}, "": {"executed_lines": [21, 22, 23, 24, 25, 30, 31, 32, 39, 45, 54, 73, 82, 96, 103, 105, 108, 138, 170, 171, 192, 211, 234], "summary": {"covered_lines": 23, "num_statements": 25, "percent_covered": 92.0, "percent_covered_display": "92.0", "missing_lines": 2, "excluded_lines": 0, "percent_statements_covered": 92.0, "percent_statements_covered_display": "92.0", "num_branches": 0, "num_partial_branches": 0, "covered_branches": 0, "missing_branches": 0, "percent_branches_covered": 100.0, "percent_branches_covered_display": "100.0"}, "missing_lines": [33, 34], "excluded_lines": [], "start_line": 1, "executed_branches": [], "missing_branches": []}}, "classes": {"AWSPricingFetcher": {"executed_lines": [106], "summary": {"covered_lines": 1, "num_statements": 87, "percent_covered": 0.8547008547008547, "percent_covered_display": "0.9", "missing_lines": 86, "excluded_lines": 2, "percent_statements_covered": 1.1494252873563218, "percent_statements_covered_display": "1.1", "num_branches": 30, "num_partial_branches": 0, "covered_branches": 0, "missing_branches": 30, "percent_branches_covered": 0.0, "percent_branches_covered_display": "0.0"}, "missing_lines": [110, 112, 114, 115, 120, 122, 124, 125, 126, 130, 131, 132, 139, 140, 141, 142, 143, 153, 154, 155, 157, 158, 162, 163, 164, 165, 166, 168, 172, 173, 174, 175, 176, 177, 178, 179, 180, 181, 182, 183, 184, 185, 195, 197, 198, 200, 201, 202, 203, 204, 205, 206, 207, 209, 212, 213, 214, 215, 220, 221, 222, 223, 224, 225, 226, 227, 228, 240, 241, 242, 244, 245, 246, 248, 250, 258, 259, 260, 262, 264, 265, 267, 268, 272, 273, 274], "excluded_lines": [109, 186], "start_line": 96, "executed_branches": [], "missing_branches": [[114, 115], [114, 122], [125, 126], [125, 130], [153, 154], [153, 168], [154, 153], [154, 155], [177, 178], [177, 179], [179, -170], [179, 180], [180, 179], [180, 181], [182, 180], [182, 183], [202, 203], [202, 209], [221, 222], [221, 228], [223, 221], [223, 224], [244, 245], [244, 267], [245, 246], [245, 248], [259, 260], [259, 262], [267, 268], [267, 272]]}, "": {"executed_lines": [21, 22, 23, 24, 25, 30, 31, 32, 39, 45, 54, 73, 82, 96, 103, 105, 108, 138, 170, 171, 192, 211, 234], "summary": {"covered_lines": 23, "num_statements": 25, "percent_covered": 92.0, "percent_covered_display": "92.0", "missing_lines": 2, "excluded_lines": 0, "percent_statements_covered": 92.0, "percent_statements_covered_display": "92.0", "num_branches": 0, "num_partial_branches": 0, "covered_branches": 0, "missing_branches": 0, "percent_branches_covered": 100.0, "percent_branches_covered_display": "100.0"}, "missing_lines": [33, 34], "excluded_lines": [], "start_line": 1, "executed_branches": [], "missing_branches": []}}}, "ai_engine\\data_pipeline\\carbon_api_client.py": {"executed_lines": [21, 22, 23, 24, 25, 30, 31, 38, 44, 68, 87, 88, 89, 92, 98, 99, 105, 111, 116, 117, 122, 161, 211, 212, 237, 238, 239, 240, 241, 251, 252], "summary": {"covered_lines": 31, "num_statements": 86, "percent_covered": 29.245283018867923, "percent_covered_display": "29.2", "missing_lines": 55, "excluded_lines": 2, "percent_statements_covered": 36.04651162790697, "percent_statements_covered_display": "36.0", "num_branches": 20, "num_partial_branches": 0, "covered_branches": 0, "missing_branches": 20, "percent_branches_covered": 0.0, "percent_branches_covered_display": "0.0"}, "missing_lines": [32, 33, 125, 127, 128, 130, 131, 132, 133, 134, 135, 137, 138, 140, 141, 142, 144, 146, 147, 148, 149, 151, 155, 162, 167, 172, 173, 174, 175, 177, 178, 179, 180, 181, 182, 183, 185, 186, 190, 192, 193, 194, 196, 198, 200, 201, 202, 203, 205, 213, 215, 216, 217, 222, 227], "excluded_lines": [124, 197], "executed_branches": [], "missing_branches": [[130, 131], [130, 140], [132, 133], [132, 137], [140, 141], [140, 146], [141, 142], [141, 144], [172, 173], [172, 205], [177, 178], [177, 185], [179, 180], [179, 183], [181, 182], [181, 183], [185, 186], [185, 192], [192, 193], [192, 196]], "functions": {"CarbonAPIClient.__init__": {"executed_lines": [99, 105], "summary": {"covered_lines": 2, "num_statements": 2, "percent_covered": 100.0, "percent_covered_display": "100.0", "missing_lines": 0, "excluded_lines": 0, "percent_statements_covered": 100.0, "percent_statements_covered_display": "100.0", "num_branches": 0, "num_partial_branches": 0, "covered_branches": 0, "missing_branches": 0, "percent_branches_covered": 100.0, "percent_branches_covered_display": "100.0"}, "missing_lines": [], "excluded_lines": [], "start_line": 98, "executed_branches": [], "missing_branches": []}, "CarbonAPIClient.fetch": {"executed_lines": [116, 117, 122], "summary": {"covered_lines": 3, "num_statements": 24, "percent_covered": 9.375, "percent_covered_display": "9.4", "missing_lines": 21, "excluded_lines": 1, "percent_statements_covered": 12.5, "percent_statements_covered_display": "12.5", "num_branches": 8, "num_partial_branches": 0, "covered_branches": 0, "missing_branches": 8, "percent_branches_covered": 0.0, "percent_branches_covered_display": "0.0"}, "missing_lines": [125, 127, 128, 130, 131, 132, 133, 134, 135, 137, 138, 140, 141, 142, 144, 146, 147, 148, 149, 151, 155], "excluded_lines": [124], "start_line": 111, "executed_branches": [], "missing_branches": [[130, 131], [130, 140], [132, 133], [132, 137], [140, 141], [140, 146], [141, 142], [141, 144]]}, "CarbonAPIClient._fetch_zone": {"executed_lines": [], "summary": {"covered_lines": 0, "num_statements": 26, "percent_covered": 0.0, "percent_covered_display": "0.0", "missing_lines": 26, "excluded_lines": 1, "percent_statements_covered": 0.0, "percent_statements_covered_display": "0.0", "num_branches": 12, "num_partial_branches": 0, "covered_branches": 0, "missing_branches": 12, "percent_branches_covered": 0.0, "percent_branches_covered_display": "0.0"}, "missing_lines": [162, 167, 172, 173, 174, 175, 177, 178, 179, 180, 181, 182, 183, 185, 186, 190, 192, 193, 194, 196, 198, 200, 201, 202, 203, 205], "excluded_lines": [197], "start_line": 161, "executed_branches": [], "missing_branches": [[172, 173], [172, 205], [177, 178], [177, 185], [179, 180], [179, 183], [181, 182], [181, 183], [185, 186], [185, 192], [192, 193], [192, 196]]}, "CarbonAPIClient._format_live_entry": {"executed_lines": [], "summary": {"covered_lines": 0, "num_statements": 6, "percent_covered": 0.0, "percent_covered_display": "0.0", "missing_lines": 6, "excluded_lines": 0, "percent_statements_covered": 0.0, "percent_statements_covered_display": "0.0", "num_branches": 0, "num_partial_branches": 0, "covered_branches": 0, "missing_branches": 0, "percent_branches_covered": 100.0, "percent_branches_covered_display": "100.0"}, "missing_lines": [213, 215, 216, 217, 222, 227], "excluded_lines": [], "start_line": 212, "executed_branches": [], "missing_branches": []}, "CarbonAPIClient._static_entry": {"executed_lines": [239, 240, 241], "summary": {"covered_lines": 3, "num_statements": 3, "percent_covered": 100.0, "percent_covered_display": "100.0", "missing_lines": 0, "excluded_lines": 0, "percent_statements_covered": 100.0, "percent_statements_covered_display": "100.0", "num_branches": 0, "num_partial_branches": 0, "covered_branches": 0, "missing_branches": 0, "percent_branches_covered": 100.0, "percent_branches_covered_display": "100.0"}, "missing_lines": [], "excluded_lines": [], "start_line": 238, "executed_branches": [], "missing_branches": []}, "CarbonAPIClient._build_static_all": {"executed_lines": [252], "summary": {"covered_lines": 1, "num_statements": 1, "percent_covered": 100.0, "percent_covered_display": "100.0", "missing_lines": 0, "excluded_lines": 0, "percent_statements_covered": 100.0, "percent_statements_covered_display": "100.0", "num_branches": 0, "num_partial_branches": 0, "covered_branches": 0, "missing_branches": 0, "percent_branches_covered": 100.0, "percent_branches_covered_display": "100.0"}, "missing_lines": [], "excluded_lines": [], "start_line": 251, "executed_branches": [], "missing_branches": []}, "": {"executed_lines": [21, 22, 23, 24, 25, 30, 31, 38, 44, 68, 87, 88, 89, 92, 98, 111, 161, 211, 212, 237, 238, 251], "summary": {"covered_lines": 22, "num_statements": 24, "percent_covered": 91.66666666666667, "percent_covered_display": "91.7", "missing_lines": 2, "excluded_lines": 0, "percent_statements_covered": 91.66666666666667, "percent_statements_covered_display": "91.7", "num_branches": 0, "num_partial_branches": 0, "covered_branches": 0, "missing_branches": 0, "percent_branches_covered": 100.0, "percent_branches_covered_display": "100.0"}, "missing_lines": [32, 33], "excluded_lines": [], "start_line": 1, "executed_branches": [], "missing_branches": []}}, "classes": {"CarbonAPIClient": {"executed_lines": [99, 105, 116, 117, 122, 239, 240, 241, 252], "summary": {"covered_lines": 9, "num_statements": 62, "percent_covered": 10.975609756097562, "percent_covered_display": "11.0", "missing_lines": 53, "excluded_lines": 2, "percent_statements_covered": 14.516129032258064, "percent_statements_covered_display": "14.5", "num_branches": 20, "num_partial_branches": 0, "covered_branches": 0, "missing_branches": 20, "percent_branches_covered": 0.0, "percent_branches_covered_display": "0.0"}, "missing_lines": [125, 127, 128, 130, 131, 132, 133, 134, 135, 137, 138, 140, 141, 142, 144, 146, 147, 148, 149, 151, 155, 162, 167, 172, 173, 174, 175, 177, 178, 179, 180, 181, 182, 183, 185, 186, 190, 192, 193, 194, 196, 198, 200, 201, 202, 203, 205, 213, 215, 216, 217, 222, 227], "excluded_lines": [124, 197], "start_line": 92, "executed_branches": [], "missing_branches": [[130, 131], [130, 140], [132, 133], [132, 137], [140, 141], [140, 146], [141, 142], [141, 144], [172, 173], [172, 205], [177, 178], [177, 185], [179, 180], [179, 183], [181, 182], [181, 183], [185, 186], [185, 192], [192, 193], [192, 196]]}, "": {"executed_lines": [21, 22, 23, 24, 25, 30, 31, 38, 44, 68, 87, 88, 89, 92, 98, 111, 161, 211, 212, 237, 238, 251], "summary": {"covered_lines": 22, "num_statements": 24, "percent_covered": 91.66666666666667, "percent_covered_display": "91.7", "missing_lines": 2, "excluded_lines": 0, "percent_statements_covered": 91.66666666666667, "percent_statements_covered_display": "91.7", "num_branches": 0, "num_partial_branches": 0, "covered_branches": 0, "missing_branches": 0, "percent_branches_covered": 100.0, "percent_branches_covered_display": "100.0"}, "missing_lines": [32, 33], "excluded_lines": [], "start_line": 1, "executed_branches": [], "missing_branches": []}}}, "ai_engine\\data_pipeline\\data_normalizer.py": {"executed_lines": [20, 21, 22, 23, 24, 26, 28, 29, 30, 36, 166, 175, 182, 183, 184, 185, 186, 192, 302, 338, 371, 397, 398], "summary": {"covered_lines": 23, "num_statements": 108, "percent_covered": 17.16417910447761, "percent_covered_display": "17.2", "missing_lines": 85, "excluded_lines": 1, "percent_statements_covered": 21.296296296296298, "percent_statements_covered_display": "21.3", "num_branches": 26, "num_partial_branches": 0, "covered_branches": 0, "missing_branches": 26, "percent_branches_covered": 0.0, "percent_branches_covered_display": "0.0"}, "missing_lines": [205, 206, 212, 213, 217, 219, 220, 222, 223, 224, 225, 227, 229, 230, 233, 234, 235, 237, 238, 240, 243, 244, 247, 248, 249, 250, 251, 254, 257, 258, 259, 260, 261, 262, 264, 273, 274, 277, 278, 281, 282, 286, 287, 288, 289, 291, 292, 296, 307, 315, 316, 323, 327, 328, 330, 331, 332, 343, 345, 346, 351, 357, 359, 360, 361, 365, 377, 378, 379, 380, 381, 385, 389, 390, 391, 403, 404, 405, 406, 407, 408, 409, 410, 411, 412], "excluded_lines": [386], "executed_branches": [], "missing_branches": [[205, 206], [205, 219], [222, 223], [222, 291], [227, 229], [227, 277], [229, 230], [229, 233], [233, 234], [233, 237], [237, 238], [237, 240], [277, 278], [277, 281], [281, 282], [281, 286], [315, 316], [315, 323], [327, 328], [327, 330], [345, 346], [345, 357], [380, 381], [380, 389], [410, 411], [410, 412]], "functions": {"DataNormalizer.__init__": {"executed_lines": [183, 184, 185, 186], "summary": {"covered_lines": 4, "num_statements": 4, "percent_covered": 100.0, "percent_covered_display": "100.0", "missing_lines": 0, "excluded_lines": 0, "percent_statements_covered": 100.0, "percent_statements_covered_display": "100.0", "num_branches": 0, "num_partial_branches": 0, "covered_branches": 0, "missing_branches": 0, "percent_branches_covered": 100.0, "percent_branches_covered_display": "100.0"}, "missing_lines": [], "excluded_lines": [], "start_line": 182, "executed_branches": [], "missing_branches": []}, "DataNormalizer.normalize_pricing": {"executed_lines": [], "summary": {"covered_lines": 0, "num_statements": 48, "percent_covered": 0.0, "percent_covered_display": "0.0", "missing_lines": 48, "excluded_lines": 0, "percent_statements_covered": 0.0, "percent_statements_covered_display": "0.0", "num_branches": 16, "num_partial_branches": 0, "covered_branches": 0, "missing_branches": 16, "percent_branches_covered": 0.0, "percent_branches_covered_display": "0.0"}, "missing_lines": [205, 206, 212, 213, 217, 219, 220, 222, 223, 224, 225, 227, 229, 230, 233, 234, 235, 237, 238, 240, 243, 244, 247, 248, 249, 250, 251, 254, 257, 258, 259, 260, 261, 262, 264, 273, 274, 277, 278, 281, 282, 286, 287, 288, 289, 291, 292, 296], "excluded_lines": [], "start_line": 192, "executed_branches": [], "missing_branches": [[205, 206], [205, 219], [222, 223], [222, 291], [227, 229], [227, 277], [229, 230], [229, 233], [233, 234], [233, 237], [237, 238], [237, 240], [277, 278], [277, 281], [281, 282], [281, 286]]}, "DataNormalizer.normalize_actual_costs": {"executed_lines": [], "summary": {"covered_lines": 0, "num_statements": 9, "percent_covered": 0.0, "percent_covered_display": "0.0", "missing_lines": 9, "excluded_lines": 0, "percent_statements_covered": 0.0, "percent_statements_covered_display": "0.0", "num_branches": 4, "num_partial_branches": 0, "covered_branches": 0, "missing_branches": 4, "percent_branches_covered": 0.0, "percent_branches_covered_display": "0.0"}, "missing_lines": [307, 315, 316, 323, 327, 328, 330, 331, 332], "excluded_lines": [], "start_line": 302, "executed_branches": [], "missing_branches": [[315, 316], [315, 323], [327, 328], [327, 330]]}, "DataNormalizer.normalize_carbon": {"executed_lines": [], "summary": {"covered_lines": 0, "num_statements": 9, "percent_covered": 0.0, "percent_covered_display": "0.0", "missing_lines": 9, "excluded_lines": 0, "percent_statements_covered": 0.0, "percent_statements_covered_display": "0.0", "num_branches": 2, "num_partial_branches": 0, "covered_branches": 0, "missing_branches": 2, "percent_branches_covered": 0.0, "percent_branches_covered_display": "0.0"}, "missing_lines": [343, 345, 346, 351, 357, 359, 360, 361, 365], "excluded_lines": [], "start_line": 338, "executed_branches": [], "missing_branches": [[345, 346], [345, 357]]}, "DataNormalizer.get_flat_carbon": {"executed_lines": [], "summary": {"covered_lines": 0, "num_statements": 9, "percent_covered": 0.0, "percent_covered_display": "0.0", "missing_lines": 9, "excluded_lines": 1, "percent_statements_covered": 0.0, "percent_statements_covered_display": "0.0", "num_branches": 2, "num_partial_branches": 0, "covered_branches": 0, "missing_branches": 2, "percent_branches_covered": 0.0, "percent_branches_covered_display": "0.0"}, "missing_lines": [377, 378, 379, 380, 381, 385, 389, 390, 391], "excluded_lines": [386], "start_line": 371, "executed_branches": [], "missing_branches": [[380, 381], [380, 389]]}, "DataNormalizer._atomic_write": {"executed_lines": [], "summary": {"covered_lines": 0, "num_statements": 10, "percent_covered": 0.0, "percent_covered_display": "0.0", "missing_lines": 10, "excluded_lines": 0, "percent_statements_covered": 0.0, "percent_statements_covered_display": "0.0", "num_branches": 2, "num_partial_branches": 0, "covered_branches": 0, "missing_branches": 2, "percent_branches_covered": 0.0, "percent_branches_covered_display": "0.0"}, "missing_lines": [403, 404, 405, 406, 407, 408, 409, 410, 411, 412], "excluded_lines": [], "start_line": 398, "executed_branches": [], "missing_branches": [[410, 411], [410, 412]]}, "": {"executed_lines": [20, 21, 22, 23, 24, 26, 28, 29, 30, 36, 166, 175, 182, 192, 302, 338, 371, 397, 398], "summary": {"covered_lines": 19, "num_statements": 19, "percent_covered": 100.0, "percent_covered_display": "100.0", "missing_lines": 0, "excluded_lines": 0, "percent_statements_covered": 100.0, "percent_statements_covered_display": "100.0", "num_branches": 0, "num_partial_branches": 0, "covered_branches": 0, "missing_branches": 0, "percent_branches_covered": 100.0, "percent_branches_covered_display": "100.0"}, "missing_lines": [], "excluded_lines": [], "start_line": 1, "executed_branches": [], "missing_branches": []}}, "classes": {"DataNormalizer": {"executed_lines": [183, 184, 185, 186], "summary": {"covered_lines": 4, "num_statements": 89, "percent_covered": 3.4782608695652173, "percent_covered_display": "3.5", "missing_lines": 85, "excluded_lines": 1, "percent_statements_covered": 4.49438202247191, "percent_statements_covered_display": "4.5", "num_branches": 26, "num_partial_branches": 0, "covered_branches": 0, "missing_branches": 26, "percent_branches_covered": 0.0, "percent_branches_covered_display": "0.0"}, "missing_lines": [205, 206, 212, 213, 217, 219, 220, 222, 223, 224, 225, 227, 229, 230, 233, 234, 235, 237, 238, 240, 243, 244, 247, 248, 249, 250, 251, 254, 257, 258, 259, 260, 261, 262, 264, 273, 274, 277, 278, 281, 282, 286, 287, 288, 289, 291, 292, 296, 307, 315, 316, 323, 327, 328, 330, 331, 332, 343, 345, 346, 351, 357, 359, 360, 361, 365, 377, 378, 379, 380, 381, 385, 389, 390, 391, 403, 404, 405, 406, 407, 408, 409, 410, 411, 412], "excluded_lines": [386], "start_line": 175, "executed_branches": [], "missing_branches": [[205, 206], [205, 219], [222, 223], [222, 291], [227, 229], [227, 277], [229, 230], [229, 233], [233, 234], [233, 237], [237, 238], [237, 240], [277, 278], [277, 281], [281, 282], [281, 286], [315, 316], [315, 323], [327, 328], [327, 330], [345, 346], [345, 357], [380, 381], [380, 389], [410, 411], [410, 412]]}, "": {"executed_lines": [20, 21, 22, 23, 24, 26, 28, 29, 30, 36, 166, 175, 182, 192, 302, 338, 371, 397, 398], "summary": {"covered_lines": 19, "num_statements": 19, "percent_covered": 100.0, "percent_covered_display": "100.0", "missing_lines": 0, "excluded_lines": 0, "percent_statements_covered": 100.0, "percent_statements_covered_display": "100.0", "num_branches": 0, "num_partial_branches": 0, "covered_branches": 0, "missing_branches": 0, "percent_branches_covered": 100.0, "percent_branches_covered_display": "100.0"}, "missing_lines": [], "excluded_lines": [], "start_line": 1, "executed_branches": [], "missing_branches": []}}}, "ai_engine\\data_pipeline\\pipeline_orchestrator.py": {"executed_lines": [31, 32, 33, 34, 35, 40, 41, 48, 49, 50, 51, 53, 55, 56, 57, 60, 81, 84, 88, 92, 93, 94, 95, 96, 98, 102, 106, 107, 108, 115, 121, 122, 123, 125, 126, 127, 129, 130, 131, 132, 134, 136, 137, 138, 139, 141, 142, 152, 153, 180, 203, 212, 227, 232, 246, 251, 253, 259, 276, 291, 306, 324, 327, 330, 333, 357], "summary": {"covered_lines": 66, "num_statements": 192, "percent_covered": 31.428571428571427, "percent_covered_display": "31.4", "missing_lines": 126, "excluded_lines": 26, "percent_statements_covered": 34.375, "percent_statements_covered_display": "34.4", "num_branches": 18, "num_partial_branches": 0, "covered_branches": 0, "missing_branches": 18, "percent_branches_covered": 0.0, "percent_branches_covered_display": "0.0"}, "missing_lines": [42, 43, 99, 100, 103, 104, 158, 159, 160, 161, 162, 163, 164, 165, 166, 169, 170, 171, 174, 185, 186, 187, 189, 190, 196, 201, 205, 206, 207, 208, 209, 210, 218, 219, 220, 221, 229, 230, 238, 239, 240, 244, 248, 249, 260, 261, 262, 263, 264, 265, 267, 268, 269, 270, 277, 279, 280, 281, 282, 283, 284, 285, 286, 287, 288, 289, 292, 294, 295, 296, 297, 298, 299, 300, 301, 302, 303, 304, 307, 309, 310, 311, 312, 313, 314, 315, 316, 317, 318, 325, 328, 331, 334, 335, 337, 338, 339, 340, 341, 343, 345, 346, 347, 348, 349, 350, 359, 360, 361, 362, 363, 364, 365, 366, 367, 368, 369, 370, 371, 372, 374, 375, 376, 377, 378, 379], "excluded_lines": [217, 278, 293, 308, 382, 383, 385, 391, 393, 395, 396, 397, 398, 401, 402, 403, 404, 405, 412, 413, 414, 415, 417, 418, 419, 420], "executed_branches": [], "missing_branches": [[161, 162], [161, 163], [185, 186], [185, 189], [206, 207], [206, 210], [207, 206], [207, 208], [239, 240], [239, 244], [267, -259], [267, 268], [334, 335], [334, 337], [375, 376], [375, 379], [377, 378], [377, 379]], "functions": {"PipelineMetrics.__init__": {"executed_lines": [93, 94, 95, 96], "summary": {"covered_lines": 4, "num_statements": 4, "percent_covered": 100.0, "percent_covered_display": "100.0", "missing_lines": 0, "excluded_lines": 0, "percent_statements_covered": 100.0, "percent_statements_covered_display": "100.0", "num_branches": 0, "num_partial_branches": 0, "covered_branches": 0, "missing_branches": 0, "percent_branches_covered": 100.0, "percent_branches_covered_display": "100.0"}, "missing_lines": [], "excluded_lines": [], "start_line": 92, "executed_branches": [], "missing_branches": []}, "PipelineMetrics.inc": {"executed_lines": [], "summary": {"covered_lines": 0, "num_statements": 2, "percent_covered": 0.0, "percent_covered_display": "0.0", "missing_lines": 2, "excluded_lines": 0, "percent_statements_covered": 0.0, "percent_statements_covered_display": "0.0", "num_branches": 0, "num_partial_branches": 0, "covered_branches": 0, "missing_branches": 0, "percent_branches_covered": 100.0, "percent_branches_covered_display": "100.0"}, "missing_lines": [99, 100], "excluded_lines": [], "start_line": 98, "executed_branches": [], "missing_branches": []}, "PipelineMetrics.set": {"executed_lines": [], "summary": {"covered_lines": 0, "num_statements": 2, "percent_covered": 0.0, "percent_covered_display": "0.0", "missing_lines": 2, "excluded_lines": 0, "percent_statements_covered": 0.0, "percent_statements_covered_display": "0.0", "num_branches": 0, "num_partial_branches": 0, "covered_branches": 0, "missing_branches": 0, "percent_branches_covered": 100.0, "percent_branches_covered_display": "100.0"}, "missing_lines": [103, 104], "excluded_lines": [], "start_line": 102, "executed_branches": [], "missing_branches": []}, "PipelineMetrics.snapshot": {"executed_lines": [107, 108], "summary": {"covered_lines": 2, "num_statements": 2, "percent_covered": 100.0, "percent_covered_display": "100.0", "missing_lines": 0, "excluded_lines": 0, "percent_statements_covered": 100.0, "percent_statements_covered_display": "100.0", "num_branches": 0, "num_partial_branches": 0, "covered_branches": 0, "missing_branches": 0, "percent_branches_covered": 100.0, "percent_branches_covered_display": "100.0"}, "missing_lines": [], "excluded_lines": [], "start_line": 106, "executed_branches": [], "missing_branches": []}, "DataPipelineOrchestrator.__init__": {"executed_lines": [122, 123, 125, 126, 127, 129, 130, 131, 132, 134, 136, 137, 138, 139, 141, 142], "summary": {"covered_lines": 16, "num_statements": 16, "percent_covered": 100.0, "percent_covered_display": "100.0", "missing_lines": 0, "excluded_lines": 0, "percent_statements_covered": 100.0, "percent_statements_covered_display": "100.0", "num_branches": 0, "num_partial_branches": 0, "covered_branches": 0, "missing_branches": 0, "percent_branches_covered": 100.0, "percent_branches_covered_display": "100.0"}, "missing_lines": [], "excluded_lines": [], "start_line": 121, "executed_branches": [], "missing_branches": []}, "DataPipelineOrchestrator.from_config": {"executed_lines": [], "summary": {"covered_lines": 0, "num_statements": 13, "percent_covered": 0.0, "percent_covered_display": "0.0", "missing_lines": 13, "excluded_lines": 0, "percent_statements_covered": 0.0, "percent_statements_covered_display": "0.0", "num_branches": 2, "num_partial_branches": 0, "covered_branches": 0, "missing_branches": 2, "percent_branches_covered": 0.0, "percent_branches_covered_display": "0.0"}, "missing_lines": [158, 159, 160, 161, 162, 163, 164, 165, 166, 169, 170, 171, 174], "excluded_lines": [], "start_line": 153, "executed_branches": [], "missing_branches": [[161, 162], [161, 163]]}, "DataPipelineOrchestrator.start": {"executed_lines": [], "summary": {"covered_lines": 0, "num_statements": 7, "percent_covered": 0.0, "percent_covered_display": "0.0", "missing_lines": 7, "excluded_lines": 0, "percent_statements_covered": 0.0, "percent_statements_covered_display": "0.0", "num_branches": 2, "num_partial_branches": 0, "covered_branches": 0, "missing_branches": 2, "percent_branches_covered": 0.0, "percent_branches_covered_display": "0.0"}, "missing_lines": [185, 186, 187, 189, 190, 196, 201], "excluded_lines": [], "start_line": 180, "executed_branches": [], "missing_branches": [[185, 186], [185, 189]]}, "DataPipelineOrchestrator.stop": {"executed_lines": [], "summary": {"covered_lines": 0, "num_statements": 6, "percent_covered": 0.0, "percent_covered_display": "0.0", "missing_lines": 6, "excluded_lines": 0, "percent_statements_covered": 0.0, "percent_statements_covered_display": "0.0", "num_branches": 4, "num_partial_branches": 0, "covered_branches": 0, "missing_branches": 4, "percent_branches_covered": 0.0, "percent_branches_covered_display": "0.0"}, "missing_lines": [205, 206, 207, 208, 209, 210], "excluded_lines": [], "start_line": 203, "executed_branches": [], "missing_branches": [[206, 207], [206, 210], [207, 206], [207, 208]]}, "DataPipelineOrchestrator.refresh_now": {"executed_lines": [], "summary": {"covered_lines": 0, "num_statements": 4, "percent_covered": 0.0, "percent_covered_display": "0.0", "missing_lines": 4, "excluded_lines": 1, "percent_statements_covered": 0.0, "percent_statements_covered_display": "0.0", "num_branches": 0, "num_partial_branches": 0, "covered_branches": 0, "missing_branches": 0, "percent_branches_covered": 100.0, "percent_branches_covered_display": "100.0"}, "missing_lines": [218, 219, 220, 221], "excluded_lines": [217], "start_line": 212, "executed_branches": [], "missing_branches": []}, "DataPipelineOrchestrator.get_pricing": {"executed_lines": [], "summary": {"covered_lines": 0, "num_statements": 2, "percent_covered": 0.0, "percent_covered_display": "0.0", "missing_lines": 2, "excluded_lines": 0, "percent_statements_covered": 0.0, "percent_statements_covered_display": "0.0", "num_branches": 0, "num_partial_branches": 0, "covered_branches": 0, "missing_branches": 0, "percent_branches_covered": 100.0, "percent_branches_covered_display": "100.0"}, "missing_lines": [229, 230], "excluded_lines": [], "start_line": 227, "executed_branches": [], "missing_branches": []}, "DataPipelineOrchestrator.get_carbon": {"executed_lines": [], "summary": {"covered_lines": 0, "num_statements": 4, "percent_covered": 0.0, "percent_covered_display": "0.0", "missing_lines": 4, "excluded_lines": 0, "percent_statements_covered": 0.0, "percent_statements_covered_display": "0.0", "num_branches": 2, "num_partial_branches": 0, "covered_branches": 0, "missing_branches": 2, "percent_branches_covered": 0.0, "percent_branches_covered_display": "0.0"}, "missing_lines": [238, 239, 240, 244], "excluded_lines": [], "start_line": 232, "executed_branches": [], "missing_branches": [[239, 240], [239, 244]]}, "DataPipelineOrchestrator.get_cur": {"executed_lines": [], "summary": {"covered_lines": 0, "num_statements": 2, "percent_covered": 0.0, "percent_covered_display": "0.0", "missing_lines": 2, "excluded_lines": 0, "percent_statements_covered": 0.0, "percent_statements_covered_display": "0.0", "num_branches": 0, "num_partial_branches": 0, "covered_branches": 0, "missing_branches": 0, "percent_branches_covered": 100.0, "percent_branches_covered_display": "100.0"}, "missing_lines": [248, 249], "excluded_lines": [], "start_line": 246, "executed_branches": [], "missing_branches": []}, "DataPipelineOrchestrator.get_metrics": {"executed_lines": [253], "summary": {"covered_lines": 1, "num_statements": 1, "percent_covered": 100.0, "percent_covered_display": "100.0", "missing_lines": 0, "excluded_lines": 0, "percent_statements_covered": 100.0, "percent_statements_covered_display": "100.0", "num_branches": 0, "num_partial_branches": 0, "covered_branches": 0, "missing_branches": 0, "percent_branches_covered": 100.0, "percent_branches_covered_display": "100.0"}, "missing_lines": [], "excluded_lines": [], "start_line": 251, "executed_branches": [], "missing_branches": []}, "DataPipelineOrchestrator._initial_refresh": {"executed_lines": [], "summary": {"covered_lines": 0, "num_statements": 10, "percent_covered": 0.0, "percent_covered_display": "0.0", "missing_lines": 10, "excluded_lines": 0, "percent_statements_covered": 0.0, "percent_statements_covered_display": "0.0", "num_branches": 2, "num_partial_branches": 0, "covered_branches": 0, "missing_branches": 2, "percent_branches_covered": 0.0, "percent_branches_covered_display": "0.0"}, "missing_lines": [260, 261, 262, 263, 264, 265, 267, 268, 269, 270], "excluded_lines": [], "start_line": 259, "executed_branches": [], "missing_branches": [[267, -259], [267, 268]]}, "DataPipelineOrchestrator._do_refresh_pricing": {"executed_lines": [], "summary": {"covered_lines": 0, "num_statements": 12, "percent_covered": 0.0, "percent_covered_display": "0.0", "missing_lines": 12, "excluded_lines": 1, "percent_statements_covered": 0.0, "percent_statements_covered_display": "0.0", "num_branches": 0, "num_partial_branches": 0, "covered_branches": 0, "missing_branches": 0, "percent_branches_covered": 100.0, "percent_branches_covered_display": "100.0"}, "missing_lines": [277, 279, 280, 281, 282, 283, 284, 285, 286, 287, 288, 289], "excluded_lines": [278], "start_line": 276, "executed_branches": [], "missing_branches": []}, "DataPipelineOrchestrator._do_refresh_carbon": {"executed_lines": [], "summary": {"covered_lines": 0, "num_statements": 12, "percent_covered": 0.0, "percent_covered_display": "0.0", "missing_lines": 12, "excluded_lines": 1, "percent_statements_covered": 0.0, "percent_statements_covered_display": "0.0", "num_branches": 0, "num_partial_branches": 0, "covered_branches": 0, "missing_branches": 0, "percent_branches_covered": 100.0, "percent_branches_covered_display": "100.0"}, "missing_lines": [292, 294, 295, 296, 297, 298, 299, 300, 301, 302, 303, 304], "excluded_lines": [293], "start_line": 291, "executed_branches": [], "missing_branches": []}, "DataPipelineOrchestrator._do_refresh_cur": {"executed_lines": [], "summary": {"covered_lines": 0, "num_statements": 11, "percent_covered": 0.0, "percent_covered_display": "0.0", "missing_lines": 11, "excluded_lines": 1, "percent_statements_covered": 0.0, "percent_statements_covered_display": "0.0", "num_branches": 0, "num_partial_branches": 0, "covered_branches": 0, "missing_branches": 0, "percent_branches_covered": 100.0, "percent_branches_covered_display": "100.0"}, "missing_lines": [307, 309, 310, 311, 312, 313, 314, 315, 316, 317, 318], "excluded_lines": [308], "start_line": 306, "executed_branches": [], "missing_branches": []}, "DataPipelineOrchestrator._schedule_pricing": {"executed_lines": [], "summary": {"covered_lines": 0, "num_statements": 1, "percent_covered": 0.0, "percent_covered_display": "0.0", "missing_lines": 1, "excluded_lines": 0, "percent_statements_covered": 0.0, "percent_statements_covered_display": "0.0", "num_branches": 0, "num_partial_branches": 0, "covered_branches": 0, "missing_branches": 0, "percent_branches_covered": 100.0, "percent_branches_covered_display": "100.0"}, "missing_lines": [325], "excluded_lines": [], "start_line": 324, "executed_branches": [], "missing_branches": []}, "DataPipelineOrchestrator._schedule_carbon": {"executed_lines": [], "summary": {"covered_lines": 0, "num_statements": 1, "percent_covered": 0.0, "percent_covered_display": "0.0", "missing_lines": 1, "excluded_lines": 0, "percent_statements_covered": 0.0, "percent_statements_covered_display": "0.0", "num_branches": 0, "num_partial_branches": 0, "covered_branches": 0, "missing_branches": 0, "percent_branches_covered": 100.0, "percent_branches_covered_display": "100.0"}, "missing_lines": [328], "excluded_lines": [], "start_line": 327, "executed_branches": [], "missing_branches": []}, "DataPipelineOrchestrator._schedule_cur": {"executed_lines": [], "summary": {"covered_lines": 0, "num_statements": 1, "percent_covered": 0.0, "percent_covered_display": "0.0", "missing_lines": 1, "excluded_lines": 0, "percent_statements_covered": 0.0, "percent_statements_covered_display": "0.0", "num_branches": 0, "num_partial_branches": 0, "covered_branches": 0, "missing_branches": 0, "percent_branches_covered": 100.0, "percent_branches_covered_display": "100.0"}, "missing_lines": [331], "excluded_lines": [], "start_line": 330, "executed_branches": [], "missing_branches": []}, "DataPipelineOrchestrator._schedule": {"executed_lines": [], "summary": {"covered_lines": 0, "num_statements": 9, "percent_covered": 0.0, "percent_covered_display": "0.0", "missing_lines": 9, "excluded_lines": 0, "percent_statements_covered": 0.0, "percent_statements_covered_display": "0.0", "num_branches": 2, "num_partial_branches": 0, "covered_branches": 0, "missing_branches": 2, "percent_branches_covered": 0.0, "percent_branches_covered_display": "0.0"}, "missing_lines": [334, 335, 337, 345, 346, 347, 348, 349, 350], "excluded_lines": [], "start_line": 333, "executed_branches": [], "missing_branches": [[334, 335], [334, 337]]}, "DataPipelineOrchestrator._schedule._run": {"executed_lines": [], "summary": {"covered_lines": 0, "num_statements": 5, "percent_covered": 0.0, "percent_covered_display": "0.0", "missing_lines": 5, "excluded_lines": 0, "percent_statements_covered": 0.0, "percent_statements_covered_display": "0.0", "num_branches": 0, "num_partial_branches": 0, "covered_branches": 0, "missing_branches": 0, "percent_branches_covered": 100.0, "percent_branches_covered_display": "100.0"}, "missing_lines": [338, 339, 340, 341, 343], "excluded_lines": [], "start_line": 337, "executed_branches": [], "missing_branches": []}, "_print_results": {"executed_lines": [], "summary": {"covered_lines": 0, "num_statements": 20, "percent_covered": 0.0, "percent_covered_display": "0.0", "missing_lines": 20, "excluded_lines": 0, "percent_statements_covered": 0.0, "percent_statements_covered_display": "0.0", "num_branches": 4, "num_partial_branches": 0, "covered_branches": 0, "missing_branches": 4, "percent_branches_covered": 0.0, "percent_branches_covered_display": "0.0"}, "missing_lines": [359, 360, 361, 362, 363, 364, 365, 366, 367, 368, 369, 370, 371, 372, 374, 375, 376, 377, 378, 379], "excluded_lines": [], "start_line": 357, "executed_branches": [], "missing_branches": [[375, 376], [375, 379], [377, 378], [377, 379]]}, "": {"executed_lines": [31, 32, 33, 34, 35, 40, 41, 48, 49, 50, 51, 53, 55, 56, 57, 60, 81, 84, 88, 92, 98, 102, 106, 115, 121, 152, 153, 180, 203, 212, 227, 232, 246, 251, 259, 276, 291, 306, 324, 327, 330, 333, 357], "summary": {"covered_lines": 43, "num_statements": 45, "percent_covered": 95.55555555555556, "percent_covered_display": "95.6", "missing_lines": 2, "excluded_lines": 22, "percent_statements_covered": 95.55555555555556, "percent_statements_covered_display": "95.6", "num_branches": 0, "num_partial_branches": 0, "covered_branches": 0, "missing_branches": 0, "percent_branches_covered": 100.0, "percent_branches_covered_display": "100.0"}, "missing_lines": [42, 43], "excluded_lines": [382, 383, 385, 391, 393, 395, 396, 397, 398, 401, 402, 403, 404, 405, 412, 413, 414, 415, 417, 418, 419, 420], "start_line": 1, "executed_branches": [], "missing_branches": []}}, "classes": {"PipelineMetrics": {"executed_lines": [93, 94, 95, 96, 107, 108], "summary": {"covered_lines": 6, "num_statements": 10, "percent_covered": 60.0, "percent_covered_display": "60.0", "missing_lines": 4, "excluded_lines": 0, "percent_statements_covered": 60.0, "percent_statements_covered_display": "60.0", "num_branches": 0, "num_partial_branches": 0, "covered_branches": 0, "missing_branches": 0, "percent_branches_covered": 100.0, "percent_branches_covered_display": "100.0"}, "missing_lines": [99, 100, 103, 104], "excluded_lines": [], "start_line": 81, "executed_branches": [], "missing_branches": []}, "DataPipelineOrchestrator": {"executed_lines": [122, 123, 125, 126, 127, 129, 130, 131, 132, 134, 136, 137, 138, 139, 141, 142, 253], "summary": {"covered_lines": 17, "num_statements": 117, "percent_covered": 12.977099236641221, "percent_covered_display": "13.0", "missing_lines": 100, "excluded_lines": 4, "percent_statements_covered": 14.52991452991453, "percent_statements_covered_display": "14.5", "num_branches": 14, "num_partial_branches": 0, "covered_branches": 0, "missing_branches": 14, "percent_branches_covered": 0.0, "percent_branches_covered_display": "0.0"}, "missing_lines": [158, 159, 160, 161, 162, 163, 164, 165, 166, 169, 170, 171, 174, 185, 186, 187, 189, 190, 196, 201, 205, 206, 207, 208, 209, 210, 218, 219, 220, 221, 229, 230, 238, 239, 240, 244, 248, 249, 260, 261, 262, 263, 264, 265, 267, 268, 269, 270, 277, 279, 280, 281, 282, 283, 284, 285, 286, 287, 288, 289, 292, 294, 295, 296, 297, 298, 299, 300, 301, 302, 303, 304, 307, 309, 310, 311, 312, 313, 314, 315, 316, 317, 318, 325, 328, 331, 334, 335, 337, 338, 339, 340, 341, 343, 345, 346, 347, 348, 349, 350], "excluded_lines": [217, 278, 293, 308], "start_line": 115, "executed_branches": [], "missing_branches": [[161, 162], [161, 163], [185, 186], [185, 189], [206, 207], [206, 210], [207, 206], [207, 208], [239, 240], [239, 244], [267, -259], [267, 268], [334, 335], [334, 337]]}, "": {"executed_lines": [31, 32, 33, 34, 35, 40, 41, 48, 49, 50, 51, 53, 55, 56, 57, 60, 81, 84, 88, 92, 98, 102, 106, 115, 121, 152, 153, 180, 203, 212, 227, 232, 246, 251, 259, 276, 291, 306, 324, 327, 330, 333, 357], "summary": {"covered_lines": 43, "num_statements": 65, "percent_covered": 62.31884057971015, "percent_covered_display": "62.3", "missing_lines": 22, "excluded_lines": 22, "percent_statements_covered": 66.15384615384616, "percent_statements_covered_display": "66.2", "num_branches": 4, "num_partial_branches": 0, "covered_branches": 0, "missing_branches": 4, "percent_branches_covered": 0.0, "percent_branches_covered_display": "0.0"}, "missing_lines": [42, 43, 359, 360, 361, 362, 363, 364, 365, 366, 367, 368, 369, 370, 371, 372, 374, 375, 376, 377, 378, 379], "excluded_lines": [382, 383, 385, 391, 393, 395, 396, 397, 398, 401, 402, 403, 404, 405, 412, 413, 414, 415, 417, 418, 419, 420], "start_line": 1, "executed_branches": [], "missing_branches": [[375, 376], [375, 379], [377, 378], [377, 379]]}}}, "ai_engine\\environment\\__init__.py": {"executed_lines": [], "summary": {"covered_lines": 0, "num_statements": 0, "percent_covered": 100.0, "percent_covered_display": "100.0", "missing_lines": 0, "excluded_lines": 0, "percent_statements_covered": 100.0, "percent_statements_covered_display": "100.0", "num_branches": 0, "num_partial_branches": 0, "covered_branches": 0, "missing_branches": 0, "percent_branches_covered": 100.0, "percent_branches_covered_display": "100.0"}, "missing_lines": [], "excluded_lines": [], "executed_branches": [], "missing_branches": [], "functions": {"": {"executed_lines": [], "summary": {"covered_lines": 0, "num_statements": 0, "percent_covered": 100.0, "percent_covered_display": "100.0", "missing_lines": 0, "excluded_lines": 0, "percent_statements_covered": 100.0, "percent_statements_covered_display": "100.0", "num_branches": 0, "num_partial_branches": 0, "covered_branches": 0, "missing_branches": 0, "percent_branches_covered": 100.0, "percent_branches_covered_display": "100.0"}, "missing_lines": [], "excluded_lines": [], "start_line": 1, "executed_branches": [], "missing_branches": []}}, "classes": {"": {"executed_lines": [], "summary": {"covered_lines": 0, "num_statements": 0, "percent_covered": 100.0, "percent_covered_display": "100.0", "missing_lines": 0, "excluded_lines": 0, "percent_statements_covered": 100.0, "percent_statements_covered_display": "100.0", "num_branches": 0, "num_partial_branches": 0, "covered_branches": 0, "missing_branches": 0, "percent_branches_covered": 100.0, "percent_branches_covered_display": "100.0"}, "missing_lines": [], "excluded_lines": [], "start_line": 1, "executed_branches": [], "missing_branches": []}}}, "ai_engine\\environment\\action_decoder.py": {"executed_lines": [1, 2, 5, 6, 7, 12, 17, 18, 22, 24, 32, 38, 39, 40, 41, 42, 43, 44, 46, 47, 48, 49, 50, 51, 53, 55, 66, 67, 68, 69], "summary": {"covered_lines": 30, "num_statements": 30, "percent_covered": 100.0, "percent_covered_display": "100.0", "missing_lines": 0, "excluded_lines": 0, "percent_statements_covered": 100.0, "percent_statements_covered_display": "100.0", "num_branches": 0, "num_partial_branches": 0, "covered_branches": 0, "missing_branches": 0, "percent_branches_covered": 100.0, "percent_branches_covered_display": "100.0"}, "missing_lines": [], "excluded_lines": [], "executed_branches": [], "missing_branches": [], "functions": {"ActionDecoder.decode": {"executed_lines": [39, 40, 41, 42, 43, 44, 46, 47, 48, 49, 50, 51, 53, 55], "summary": {"covered_lines": 14, "num_statements": 14, "percent_covered": 100.0, "percent_covered_display": "100.0", "missing_lines": 0, "excluded_lines": 0, "percent_statements_covered": 100.0, "percent_statements_covered_display": "100.0", "num_branches": 0, "num_partial_branches": 0, "covered_branches": 0, "missing_branches": 0, "percent_branches_covered": 100.0, "percent_branches_covered_display": "100.0"}, "missing_lines": [], "excluded_lines": [], "start_line": 38, "executed_branches": [], "missing_branches": []}, "ActionDecoder._map_region": {"executed_lines": [67, 68, 69], "summary": {"covered_lines": 3, "num_statements": 3, "percent_covered": 100.0, "percent_covered_display": "100.0", "missing_lines": 0, "excluded_lines": 0, "percent_statements_covered": 100.0, "percent_statements_covered_display": "100.0", "num_branches": 0, "num_partial_branches": 0, "covered_branches": 0, "missing_branches": 0, "percent_branches_covered": 100.0, "percent_branches_covered_display": "100.0"}, "missing_lines": [], "excluded_lines": [], "start_line": 66, "executed_branches": [], "missing_branches": []}, "": {"executed_lines": [1, 2, 5, 6, 7, 12, 17, 18, 22, 24, 32, 38, 66], "summary": {"covered_lines": 13, "num_statements": 13, "percent_covered": 100.0, "percent_covered_display": "100.0", "missing_lines": 0, "excluded_lines": 0, "percent_statements_covered": 100.0, "percent_statements_covered_display": "100.0", "num_branches": 0, "num_partial_branches": 0, "covered_branches": 0, "missing_branches": 0, "percent_branches_covered": 100.0, "percent_branches_covered_display": "100.0"}, "missing_lines": [], "excluded_lines": [], "start_line": 1, "executed_branches": [], "missing_branches": []}}, "classes": {"ActionDecoder": {"executed_lines": [39, 40, 41, 42, 43, 44, 46, 47, 48, 49, 50, 51, 53, 55, 67, 68, 69], "summary": {"covered_lines": 17, "num_sta
[...]
 [], "start_line": 312, "executed_branches": [], "missing_branches": [[324, 325], [324, 331], [335, 336], [335, 340], [337, 335], [337, 338]]}, "CloudOSOperator._load_agent": {"executed_lines": [361, 362, 363, 367, 370, 374], "summary": {"covered_lines": 6, "num_statements": 10, "percent_covered": 58.333333333333336, "percent_covered_display": "58.3", "missing_lines": 4, "excluded_lines": 0, "percent_statements_covered": 60.0, "percent_statements_covered_display": "60.0", "num_branches": 2, "num_partial_branches": 1, "covered_branches": 1, "missing_branches": 1, "percent_branches_covered": 50.0, "percent_branches_covered_display": "50.0"}, "missing_lines": [368, 375, 376, 379], "excluded_lines": [], "start_line": 356, "executed_branches": [[367, 370]], "missing_branches": [[367, 368]]}, "CloudOSOperator._load_producer": {"executed_lines": [], "summary": {"covered_lines": 0, "num_statements": 8, "percent_covered": 0.0, "percent_covered_display": "0.0", "missing_lines": 8, "excluded_lines": 0, "percent_statements_covered": 0.0, "percent_statements_covered_display": "0.0", "num_branches": 0, "num_partial_branches": 0, "covered_branches": 0, "missing_branches": 0, "percent_branches_covered": 100.0, "percent_branches_covered_display": "100.0"}, "missing_lines": [383, 384, 385, 386, 387, 388, 389, 393], "excluded_lines": [], "start_line": 381, "executed_branches": [], "missing_branches": []}, "CloudOSOperator._shutdown": {"executed_lines": [], "summary": {"covered_lines": 0, "num_statements": 5, "percent_covered": 0.0, "percent_covered_display": "0.0", "missing_lines": 5, "excluded_lines": 1, "percent_statements_covered": 0.0, "percent_statements_covered_display": "0.0", "num_branches": 2, "num_partial_branches": 0, "covered_branches": 0, "missing_branches": 2, "percent_branches_covered": 0.0, "percent_branches_covered_display": "0.0"}, "missing_lines": [397, 398, 399, 400, 402], "excluded_lines": [401], "start_line": 395, "executed_branches": [], "missing_branches": [[397, 398], [397, 402]]}, "": {"executed_lines": [36, 37, 38, 39, 40, 41, 42, 44, 45, 47, 49, 50, 51, 54, 63, 96, 125, 141, 172, 251, 264, 297, 312, 356, 381, 395], "summary": {"covered_lines": 26, "num_statements": 26, "percent_covered": 100.0, "percent_covered_display": "100.0", "missing_lines": 0, "excluded_lines": 0, "percent_statements_covered": 100.0, "percent_statements_covered_display": "100.0", "num_branches": 0, "num_partial_branches": 0, "covered_branches": 0, "missing_branches": 0, "percent_branches_covered": 100.0, "percent_branches_covered_display": "100.0"}, "missing_lines": [], "excluded_lines": [], "start_line": 1, "executed_branches": [], "missing_branches": []}}, "classes": {"CloudOSOperator": {"executed_lines": [72, 73, 74, 75, 76, 78, 79, 80, 81, 83, 84, 85, 87, 131, 132, 133, 135, 146, 147, 148, 150, 151, 153, 154, 155, 158, 159, 160, 162, 163, 164, 165, 166, 170, 183, 184, 185, 187, 190, 193, 194, 201, 202, 203, 210, 211, 217, 218, 219, 221, 233, 234, 237, 238, 245, 256, 257, 258, 259, 260, 262, 270, 271, 272, 273, 275, 299, 300, 304, 361, 362, 363, 367, 370, 374], "summary": {"covered_lines": 75, "num_statements": 146, "percent_covered": 52.77777777777778, "percent_covered_display": "52.8", "missing_lines": 71, "excluded_lines": 5, "percent_statements_covered": 51.36986301369863, "percent_statements_covered_display": "51.4", "num_branches": 34, "num_partial_branches": 6, "covered_branches": 20, "missing_branches": 14, "percent_branches_covered": 58.8235294117647, "percent_branches_covered_display": "58.8"}, "missing_lines": [102, 104, 106, 111, 112, 113, 114, 115, 116, 117, 118, 119, 120, 121, 123, 134, 168, 195, 196, 197, 198, 204, 205, 206, 207, 208, 212, 239, 243, 305, 306, 317, 322, 323, 324, 325, 329, 331, 332, 334, 335, 336, 337, 338, 340, 342, 343, 344, 345, 346, 347, 348, 349, 350, 368, 375, 376, 379, 383, 384, 385, 386, 387, 388, 389, 393, 397, 398, 399, 400, 402], "excluded_lines": [101, 105, 108, 109, 401], "start_line": 54, "executed_branches": [[131, 132], [131, 133], [133, 135], [147, 148], [147, 150], [153, 154], [153, 170], [158, 159], [158, 162], [163, 164], [194, 201], [211, 217], [233, 234], [233, 237], [238, 245], [256, 257], [256, 262], [258, 259], [258, 260], [367, 370]], "missing_branches": [[133, 134], [163, 168], [194, 195], [211, 212], [238, 239], [324, 325], [324, 331], [335, 336], [335, 340], [337, 335], [337, 338], [367, 368], [397, 398], [397, 402]]}, "": {"executed_lines": [36, 37, 38, 39, 40, 41, 42, 44, 45, 47, 49, 50, 51, 54, 63, 96, 125, 141, 172, 251, 264, 297, 312, 356, 381, 395], "summary": {"covered_lines": 26, "num_statements": 26, "percent_covered": 100.0, "percent_covered_display": "100.0", "missing_lines": 0, "excluded_lines": 0, "percent_statements_covered": 100.0, "percent_statements_covered_display": "100.0", "num_branches": 0, "num_partial_branches": 0, "covered_branches": 0, "missing_branches": 0, "percent_branches_covered": 100.0, "percent_branches_covered_display": "100.0"}, "missing_lines": [], "excluded_lines": [], "start_line": 1, "executed_branches": [], "missing_branches": []}}}, "ai_engine\\operator\\status_writer.py": {"executed_lines": [35, 36, 37, 38, 39, 40, 42, 45, 53, 54, 55, 56, 62, 64, 69, 86, 87, 88, 89, 91, 106, 108, 115, 121, 138, 144, 146, 147, 151, 153, 161, 162, 168, 169, 173, 175, 179, 190, 191, 197, 199, 207, 208], "summary": {"covered_lines": 43, "num_statements": 54, "percent_covered": 80.64516129032258, "percent_covered_display": "80.6", "missing_lines": 11, "excluded_lines": 1, "percent_statements_covered": 79.62962962962963, "percent_statements_covered_display": "79.6", "num_branches": 8, "num_partial_branches": 1, "covered_branches": 7, "missing_branches": 1, "percent_branches_covered": 87.5, "percent_branches_covered_display": "87.5"}, "missing_lines": [129, 180, 181, 182, 183, 184, 185, 186, 187, 188, 198], "excluded_lines": [1], "executed_branches": [[55, -53], [55, 56], [146, 147], [146, 153], [168, 169], [168, 175], [197, 199]], "missing_branches": [[197, 198]], "functions": {"StatusWriter.__init__": {"executed_lines": [54, 55, 56], "summary": {"covered_lines": 3, "num_statements": 3, "percent_covered": 100.0, "percent_covered_display": "100.0", "missing_lines": 0, "excluded_lines": 0, "percent_statements_covered": 100.0, "percent_statements_covered_display": "100.0", "num_branches": 2, "num_partial_branches": 0, "covered_branches": 2, "missing_branches": 0, "percent_branches_covered": 100.0, "percent_branches_covered_display": "100.0"}, "missing_lines": [], "excluded_lines": [], "start_line": 53, "executed_branches": [[55, -53], [55, 56]], "missing_branches": []}, "StatusWriter.set_scheduling": {"executed_lines": [64], "summary": {"covered_lines": 1, "num_statements": 1, "percent_covered": 100.0, "percent_covered_display": "100.0", "missing_lines": 0, "excluded_lines": 0, "percent_statements_covered": 100.0, "percent_statements_covered_display": "100.0", "num_branches": 0, "num_partial_branches": 0, "covered_branches": 0, "missing_branches": 0, "percent_branches_covered": 100.0, "percent_branches_covered_display": "100.0"}, "missing_lines": [], "excluded_lines": [], "start_line": 62, "executed_branches": [], "missing_branches": []}, "StatusWriter.set_scheduled": {"executed_lines": [86, 87, 88, 89, 91, 106], "summary": {"covered_lines": 6, "num_statements": 6, "percent_covered": 100.0, "percent_covered_display": "100.0", "missing_lines": 0, "excluded_lines": 0, "percent_statements_covered": 100.0, "percent_statements_covered_display": "100.0", "num_branches": 0, "num_partial_branches": 0, "covered_branches": 0, "missing_branches": 0, "percent_branches_covered": 100.0, "percent_branches_covered_display": "100.0"}, "missing_lines": [], "excluded_lines": [], "start_line": 69, "executed_branches": [], "missing_branches": []}, "StatusWriter.set_failed": {"executed_lines": [115], "summary": {"covered_lines": 1, "num_statements": 1, "percent_covered": 100.0, "percent_covered_display": "100.0", "missing_lines": 0, "excluded_lines": 0, "percent_statements_covered": 100.0, "percent_statements_covered_display": "100.0", "num_branches": 0, "num_partial_branches": 0, "covered_branches": 0, "missing_branches": 0, "percent_branches_covered": 100.0, "percent_branches_covered_display": "100.0"}, "missing_lines": [], "excluded_lines": [], "start_line": 108, "executed_branches": [], "missing_branches": []}, "StatusWriter.set_phase": {"executed_lines": [], "summary": {"covered_lines": 0, "num_statements": 1, "percent_covered": 0.0, "percent_covered_display": "0.0", "missing_lines": 1, "excluded_lines": 0, "percent_statements_covered": 0.0, "percent_statements_covered_display": "0.0", "num_branches": 0, "num_partial_branches": 0, "covered_branches": 0, "missing_branches": 0, "percent_branches_covered": 100.0, "percent_branches_covered_display": "100.0"}, "missing_lines": [129], "excluded_lines": [], "start_line": 121, "executed_branches": [], "missing_branches": []}, "StatusWriter._patch": {"executed_lines": [144, 146, 147, 151, 153, 161, 162, 168, 169, 173, 175, 179], "summary": {"covered_lines": 12, "num_statements": 21, "percent_covered": 64.0, "percent_covered_display": "64.0", "missing_lines": 9, "excluded_lines": 0, "percent_statements_covered": 57.142857142857146, "percent_statements_covered_display": "57.1", "num_branches": 4, "num_partial_branches": 0, "covered_branches": 4, "missing_branches": 0, "percent_branches_covered": 100.0, "percent_branches_covered_display": "100.0"}, "missing_lines": [180, 181, 182, 183, 184, 185, 186, 187, 188], "excluded_lines": [], "start_line": 138, "executed_branches": [[146, 147], [146, 153], [168, 169], [168, 175]], "missing_branches": []}, "StatusWriter._safe_explanation": {"executed_lines": [197, 199], "summary": {"covered_lines": 2, "num_statements": 3, "percent_covered": 60.0, "percent_covered_display": "60.0", "missing_lines": 1, "excluded_lines": 0, "percent_statements_covered": 66.66666666666667, "percent_statements_covered_display": "66.7", "num_branches": 2, "num_partial_branches": 1, "covered_branches": 1, "missing_branches": 1, "percent_branches_covered": 50.0, "percent_branches_covered_display": "50.0"}, "missing_lines": [198], "excluded_lines": [], "start_line": 191, "executed_branches": [[197, 199]], "missing_branches": [[197, 198]]}, "_now_iso": {"executed_lines": [208], "summary": {"covered_lines": 1, "num_statements": 1, "percent_covered": 100.0, "percent_covered_display": "100.0", "missing_lines": 0, "excluded_lines": 0, "percent_statements_covered": 100.0, "percent_statements_covered_display": "100.0", "num_branches": 0, "num_partial_branches": 0, "covered_branches": 0, "missing_branches": 0, "percent_branches_covered": 100.0, "percent_branches_covered_display": "100.0"}, "missing_lines": [], "excluded_lines": [], "start_line": 207, "executed_branches": [], "missing_branches": []}, "": {"executed_lines": [35, 36, 37, 38, 39, 40, 42, 45, 53, 62, 69, 108, 121, 138, 190, 191, 207], "summary": {"covered_lines": 17, "num_statements": 17, "percent_covered": 100.0, "percent_covered_display": "100.0", "missing_lines": 0, "excluded_lines": 1, "percent_statements_covered": 100.0, "percent_statements_covered_display": "100.0", "num_branches": 0, "num_partial_branches": 0, "covered_branches": 0, "missing_branches": 0, "percent_branches_covered": 100.0, "percent_branches_covered_display": "100.0"}, "missing_lines": [], "excluded_lines": [1], "start_line": 1, "executed_branches": [], "missing_branches": []}}, "classes": {"StatusWriter": {"executed_lines": [54, 55, 56, 64, 86, 87, 88, 89, 91, 106, 115, 144, 146, 147, 151, 153, 161, 162, 168, 169, 173, 175, 179, 197, 199], "summary": {"covered_lines": 25, "num_statements": 36, "percent_covered": 72.72727272727273, "percent_covered_display": "72.7", "missing_lines": 11, "excluded_lines": 0, "percent_statements_covered": 69.44444444444444, "percent_statements_covered_display": "69.4", "num_branches": 8, "num_partial_branches": 1, "covered_branches": 7, "missing_branches": 1, "percent_branches_covered": 87.5, "percent_branches_covered_display": "87.5"}, "missing_lines": [129, 180, 181, 182, 183, 184, 185, 186, 187, 188, 198], "excluded_lines": [], "start_line": 45, "executed_branches": [[55, -53], [55, 56], [146, 147], [146, 153], [168, 169], [168, 175], [197, 199]], "missing_branches": [[197, 198]]}, "": {"executed_lines": [35, 36, 37, 38, 39, 40, 42, 45, 53, 62, 69, 108, 121, 138, 190, 191, 207, 208], "summary": {"covered_lines": 18, "num_statements": 18, "percent_covered": 100.0, "percent_covered_display": "100.0", "missing_lines": 0, "excluded_lines": 1, "percent_statements_covered": 100.0, "percent_statements_covered_display": "100.0", "num_branches": 0, "num_partial_branches": 0, "covered_branches": 0, "missing_branches": 0, "percent_branches_covered": 100.0, "percent_branches_covered_display": "100.0"}, "missing_lines": [], "excluded_lines": [1], "start_line": 1, "executed_branches": [], "missing_branches": []}}}, "ai_engine\\operator\\workload_mapper.py": {"executed_lines": [23, 24, 25, 27, 30, 38, 50, 55, 56, 57, 58, 59, 62, 63, 64, 65, 68, 73, 74, 75, 76, 77, 78, 81, 82, 88, 93, 95, 98, 106, 132, 133, 134, 136, 137, 138, 139, 140, 142, 143, 145, 146, 149, 172], "summary": {"covered_lines": 44, "num_statements": 63, "percent_covered": 67.0886075949367, "percent_covered_display": "67.1", "missing_lines": 19, "excluded_lines": 1, "percent_statements_covered": 69.84126984126983, "percent_statements_covered_display": "69.8", "num_branches": 16, "num_partial_branches": 3, "covered_branches": 9, "missing_branches": 7, "percent_branches_covered": 56.25, "percent_branches_covered_display": "56.2"}, "missing_lines": [60, 61, 79, 80, 83, 84, 85, 94, 147, 167, 168, 170, 174, 175, 176, 177, 178, 179, 180], "excluded_lines": [107], "executed_branches": [[55, 56], [55, 57], [59, 62], [73, 74], [73, 75], [76, 77], [76, 81], [93, 95], [146, 149]], "missing_branches": [[59, 60], [93, 94], [146, 147], [176, 177], [176, 180], [178, 176], [178, 179]], "functions": {"_parse_memory": {"executed_lines": [55, 56, 57, 58, 59, 62, 63, 64, 65], "summary": {"covered_lines": 9, "num_statements": 11, "percent_covered": 80.0, "percent_covered_display": "80.0", "missing_lines": 2, "excluded_lines": 0, "percent_statements_covered": 81.81818181818181, "percent_statements_covered_display": "81.8", "num_branches": 4, "num_partial_branches": 1, "covered_branches": 3, "missing_branches": 1, "percent_branches_covered": 75.0, "percent_branches_covered_display": "75.0"}, "missing_lines": [60, 61], "excluded_lines": [], "start_line": 50, "executed_branches": [[55, 56], [55, 57], [59, 62]], "missing_branches": [[59, 60]]}, "_parse_cpu": {"executed_lines": [73, 74, 75, 76, 77, 78, 81, 82], "summary": {"covered_lines": 8, "num_statements": 13, "percent_covered": 70.58823529411765, "percent_covered_display": "70.6", "missing_lines": 5, "excluded_lines": 0, "percent_statements_covered": 61.53846153846154, "percent_statements_covered_display": "61.5", "num_branches": 4, "num_partial_branches": 0, "covered_branches": 4, "missing_branches": 0, "percent_branches_covered": 100.0, "percent_branches_covered_display": "100.0"}, "missing_lines": [79, 80, 83, 84, 85], "excluded_lines": [], "start_line": 68, "executed_branches": [[73, 74], [73, 75], [76, 77], [76, 81]], "missing_branches": []}, "_parse_storage": {"executed_lines": [93, 95], "summary": {"covered_lines": 2, "num_statements": 3, "percent_covered": 60.0, "percent_covered_display": "60.0", "missing_lines": 1, "excluded_lines": 0, "percent_statements_covered": 66.66666666666667, "percent_statements_covered_display": "66.7", "num_branches": 2, "num_partial_branches": 1, "covered_branches": 1, "missing_branches": 1, "percent_branches_covered": 50.0, "percent_branches_covered_display": "50.0"}, "missing_lines": [94], "excluded_lines": [], "start_line": 88, "executed_branches": [[93, 95]], "missing_branches": [[93, 94]]}, "WorkloadMapper.map": {"executed_lines": [132, 133, 134, 136, 137, 138, 139, 140, 142, 143, 145, 146, 149], "summary": {"covered_lines": 13, "num_statements": 17, "percent_covered": 73.6842105263158, "percent_covered_display": "73.7", "missing_lines": 4, "excluded_lines": 1, "percent_statements_covered": 76.47058823529412, "percent_statements_covered_display": "76.5", "num_branches": 2, "num_partial_branches": 1, "covered_branches": 1, "missing_branches": 1, "percent_branches_covered": 50.0, "percent_branches_covered_display": "50.0"}, "missing_lines": [147, 167, 168, 170], "excluded_lines": [107], "start_line": 106, "executed_branches": [[146, 149]], "missing_branches": [[146, 147]]}, "WorkloadMapper.map_list": {"executed_lines": [], "summary": {"covered_lines": 0, "num_statements": 7, "percent_covered": 0.0, "percent_covered_display": "0.0", "missing_lines": 7, "excluded_lines": 0, "percent_statements_covered": 0.0, "percent_statements_covered_display": "0.0", "num_branches": 4, "num_partial_branches": 0, "covered_branches": 0, "missing_branches": 4, "percent_branches_covered": 0.0, "percent_branches_covered_display": "0.0"}, "missing_lines": [174, 175, 176, 177, 178, 179, 180], "excluded_lines": [], "start_line": 172, "executed_branches": [], "missing_branches": [[176, 177], [176, 180], [178, 176], [178, 179]]}, "": {"executed_lines": [23, 24, 25, 27, 30, 38, 50, 68, 88, 98, 106, 172], "summary": {"covered_lines": 12, "num_statements": 12, "percent_covered": 100.0, "percent_covered_display": "100.0", "missing_lines": 0, "excluded_lines": 0, "percent_statements_covered": 100.0, "percent_statements_covered_display": "100.0", "num_branches": 0, "num_partial_branches": 0, "covered_branches": 0, "missing_branches": 0, "percent_branches_covered": 100.0, "percent_branches_covered_display": "100.0"}, "missing_lines": [], "excluded_lines": [], "start_line": 1, "executed_branches": [], "missing_branches": []}}, "classes": {"WorkloadMapper": {"executed_lines": [132, 133, 134, 136, 137, 138, 139, 140, 142, 143, 145, 146, 149], "summary": {"covered_lines": 13, "num_statements": 24, "percent_covered": 46.666666666666664, "percent_covered_display": "46.7", "missing_lines": 11, "excluded_lines": 1, "percent_statements_covered": 54.166666666666664, "percent_statements_covered_display": "54.2", "num_branches": 6, "num_partial_branches": 1, "covered_branches": 1, "missing_branches": 5, "percent_branches_covered": 16.666666666666668, "percent_branches_covered_display": "16.7"}, "missing_lines": [147, 167, 168, 170, 174, 175, 176, 177, 178, 179, 180], "excluded_lines": [107], "start_line": 98, "executed_branches": [[146, 149]], "missing_branches": [[146, 147], [176, 177], [176, 180], [178, 176], [178, 179]]}, "": {"executed_lines": [23, 24, 25, 27, 30, 38, 50, 55, 56, 57, 58, 59, 62, 63, 64, 65, 68, 73, 74, 75, 76, 77, 78, 81, 82, 88, 93, 95, 98, 106, 172], "summary": {"covered_lines": 31, "num_statements": 39, "percent_covered": 79.59183673469387, "percent_covered_display": "79.6", "missing_lines": 8, "excluded_lines": 0, "percent_statements_covered": 79.48717948717949, "percent_statements_covered_display": "79.5", "num_branches": 10, "num_partial_branches": 2, "covered_branches": 8, "missing_branches": 2, "percent_branches_covered": 80.0, "percent_branches_covered_display": "80.0"}, "missing_lines": [60, 61, 79, 80, 83, 84, 85, 94], "excluded_lines": [], "start_line": 1, "executed_branches": [[55, 56], [55, 57], [59, 62], [73, 74], [73, 75], [76, 77], [76, 81], [93, 95]], "missing_branches": [[59, 60], [93, 94]]}}}}, "totals": {"covered_lines": 886, "num_statements": 2081, "percent_covered": 39.44061613295501, "percent_covered_display": "39.4", "missing_lines": 1195, "excluded_lines": 82, "percent_statements_covered": 42.57568476693897, "percent_statements_covered_display": "42.6", "num_branches": 386, "num_partial_branches": 25, "covered_branches": 87, "missing_branches": 299, "percent_branches_covered": 22.53886010362694, "percent_branches_covered_display": "22.5"}}